#
# A fatal error has been detected by the Java Runtime Environment:
#
#  SIGSEGV (0xb) at pc=0x000000010845ca97, pid=4417, tid=29703
#
# JRE version: 7.0_21-b12
# Java VM: Java HotSpot(TM) 64-Bit Server VM (23.21-b01 mixed mode bsd-amd64 compressed oops)
# Problematic frame:
# V  [libjvm.dylib+0x25ca97]
#
# Failed to write core dump. Core dumps have been disabled. To enable core dumping, try "ulimit -c unlimited" before starting Java again
#
# If you would like to submit a bug report, please visit:
#   http://bugreport.sun.com/bugreport/crash.jsp
#

---------------  T H R E A D  ---------------

Current thread (0x00007fda16860000):  JavaThread "qtp2030823549-73 - /app/rest/datasources" [_thread_in_vm, id=29703, stack(0x0000000123589000,0x0000000123689000)]

siginfo:si_signo=SIGSEGV: si_errno=0, si_code=1 (SEGV_MAPERR), si_addr=0x0000000000000045

Registers:
RAX=0x0000000000000001, RBX=0x000000011906e1e8, RCX=0x00007fda195f7f58, RDX=0x0000000108e26460
RSP=0x0000000123685f80, RBP=0x0000000123685fd0, RSI=0x00007fda195f7f50, RDI=0x0000000000000000
R8 =0x0000000123685bb8, R9 =0x00000001190531f8, R10=0x0000000108940d00, R11=0x0000000000000028
R12=0x0000000000000120, R13=0x0000000000000000, R14=0x00007fda16860000, R15=0x0000000000000120
RIP=0x000000010845ca97, EFLAGS=0x0000000000010246, ERR=0x0000000000000004
  TRAPNO=0x000000000000000e

Top of Stack: (sp=0x0000000123685f80)
0x0000000123685f80:   0000000123686000 00000001085f75d2
0x0000000123685f90:   0000000000000113 00000001236868d0
0x0000000123685fa0:   0000000123685fe8 000000011906e1e8
0x0000000123685fb0:   0000000000000120 0000000000000000
0x0000000123685fc0:   00007fda16860000 0000000000000120
0x0000000123685fd0:   0000000123686000 000000010859e53a
0x0000000123685fe0:   000000011906e1e8 00007fda195f7f50
0x0000000123685ff0:   0000000000000000 00007fda195f7dd8
0x0000000123686000:   00000001236864a0 0000000108506181
0x0000000123686010:   0000000116f40a40 0000000000000000
0x0000000123686020:   0000000116f3ff78 00007fda1484bb20
0x0000000123686030:   000000010d1671c0 00000001236860c0
0x0000000123686040:   000000011765a3ee 00007fda12410260
0x0000000123686050:   00007fda1484ba90 00007fda195f7dd0
0x0000000123686060:   0000000123686060 00000001168b8450
0x0000000123686070:   00000001236860f0 00000001168ba168
0x0000000123686080:   000000011ab236d8 00000001168b8558
0x0000000123686090:   0000000000000000 00000001236860d0
0x00000001236860a0:   0000000123686138 0000000108df51d8
0x00000001236860b0:   0000000000000000 0000000000000000
0x00000001236860c0:   0000000000000000 0000000000000000
0x00000001236860d0:   000000010f824b78 0000000000000002
0x00000001236860e0:   00000001236868d0 0000000108df51d8
0x00000001236860f0:   0000000108df4410 0000000100000000
0x0000000123686100:   0000000123686960 0000000123686900
0x0000000123686110:   00007fda16860000 0000000108df53b3
0x0000000123686120:   0000000123686188 0000000108df53b3
0x0000000123686130:   0000000000000000 000000010d167ac0
0x0000000123686140:   000000010d167b48 0000000123686148
0x0000000123686150:   000000011698d170 00000001236861a8
0x0000000123686160:   000000011698dfb8 0000000117822498
0x0000000123686170:   000000011698d188 0000000000000000 

Instructions: (pc=0x000000010845ca97)
0x000000010845ca77:   e9 88 49 15 00 55 48 89 e5 41 57 41 56 41 55 41
0x000000010845ca87:   54 53 48 83 ec 28 48 85 ff 48 8b 06 48 8b 40 10
0x000000010845ca97:   0f b7 58 44 48 89 75 b8 49 89 fe 75 04 31 c0 eb
0x000000010845caa7:   03 49 8b 06 4c 8b b8 b8 01 00 00 4d 85 ff 75 05 

Register to memory mapping:

RAX=0x0000000000000001 is an unknown value
RBX=0x000000011906e1e8 is an oop
{constMethod} 
 - klass: {other class}
 - method:       0x000000011906e2a0 {method} '<init>' '(Ljava/util/Map;)V' in 'org/eclipse/jetty/http/PathMap'
 - exceptions:   0x00000001164c1d50
RCX=0x00007fda195f7f58 is an unknown value
RDX=0x0000000108e26460 is an unknown value
RSP=0x0000000123685f80 is pointing into the stack for thread: 0x00007fda16860000
RBP=0x0000000123685fd0 is pointing into the stack for thread: 0x00007fda16860000
RSI=0x00007fda195f7f50 is an unknown value
RDI=0x0000000000000000 is an unknown value
R8 =0x0000000123685bb8 is pointing into the stack for thread: 0x00007fda16860000
R9 =0x00000001190531f8 is an oop
{constant pool} 
 - klass: {other class}
 - holder: 0x000000011905b678
 - cache: 0x000000011905c1f0
 -   1 :  : 'org/eclipse/jetty/servlet/ServletHolder'
 -   2 :  : 'org/eclipse/jetty/servlet/ServletHolder' {0x11905b678}
 -   3 :  : 'Lorg/eclipse/jetty/servlet/Holder<Ljavax/servlet/Servlet;>;Lorg/eclipse/jetty/server/UserIdentity$Scope;Ljava/lang/Comparable;'
 -   4 :  : 'org/eclipse/jetty/servlet/Holder'
 -   5 :  : 'org/eclipse/jetty/servlet/Holder' {0x11905b138}
 -   6 :  : 'org/eclipse/jetty/server/UserIdentity$Scope'
 -   7 :  : 'org/eclipse/jetty/server/UserIdentity$Scope'
 -   8 :  : 'java/lang/Comparable'
 -   9 :  : 'java/lang/Comparable'
 -  10 :  : 'ServletHolder.java'
 -  11 :  : 'org/eclipse/jetty/servlet/ServletHolder$SingleThreadedWrapper'
 -  12 :  : 'org/eclipse/jetty/servlet/ServletHolder$SingleThreadedWrapper'
 -  13 :  : 'SingleThreadedWrapper'
 -  14 :  : 'org/eclipse/jetty/servlet/ServletHolder$Registration'
 -  15 :  : 'org/eclipse/jetty/servlet/ServletHolder$Registration' {0x1199310d8}
 -  16 :  : 'Registration'
 -  17 :  : 'org/eclipse/jetty/servlet/ServletHolder$Config'
 -  18 :  : 'org/eclipse/jetty/servlet/ServletHolder$Config' {0x11a41a930}
 -  19 :  : 'Config'
 -  20 :  : 'org/eclipse/jetty/servlet/ServletHolder$1'
 -  21 :  : 'org/eclipse/jetty/servlet/ServletHolder$1'
 -  22 :  : 'javax/servlet/ServletRegistration$Dynamic'
 -  23 :  : 'javax/servlet/ServletRegistration$Dynamic'
 -  24 :  : 'javax/servlet/ServletRegistration'
 -  25 :  : 'javax/servlet/ServletRegistration'
 -  26 :  : 'Dynamic'
 -  27 :  : 'org/eclipse/jetty/servlet/Holder$Source'
 -  28 :  : 'org/eclipse/jetty/servlet/Holder$Source' {0x11905d738}
 -  29 :  : 'Source'
 -  30 :  : 'org/eclipse/jetty/server/UserIdentity'
 -  31 :  : 'org/eclipse/jetty/server/UserIdentity'
 -  32 :  : 'Scope'
 -  33 :  : 'org/eclipse/jetty/server/handler/ContextHandler$Context'
 -  34 :  : 'org/eclipse/jetty/server/handler/ContextHandler$Context' {0x1190150d8}
 -  35 :  : 'org/eclipse/jetty/server/handler/ContextHandler'
 -  36 :  : 'org/eclipse/jetty/server/handler/ContextHandler' {0x118fd2b78}
 -  37 :  : 'Context'
 -  38 :  : 'org/eclipse/jetty/server/Request$MultiPartCleanerListener'
 -  39 :  : 'org/eclipse/jetty/server/Request$MultiPartCleanerListener' {0x11b399338}
 -  40 :  : 'org/eclipse/jetty/server/Request'
 -  41 :  : 'org/eclipse/jetty/server/Request' {0x11b402360}
 -  42 :  : 'MultiPartCleanerListener'
 -  43 :  : 'org/eclipse/jetty/servlet/ServletContextHandler$Context'
 -  44 :  : 'org/eclipse/jetty/servlet/ServletContextHandler$Context' {0x119015740}
 -  45 :  : 'org/eclipse/jetty/servlet/ServletContextHandler'
 -  46 :  : 'org/eclipse/jetty/servlet/ServletContextHandler'
 -  47 :  : 'LOG'
 -  48 :  : 'Lorg/eclipse/jetty/util/log/Logger;'
 -  49 :  : '_initOrder'
 -  50 :  : 'I'
 -  51 :  : '_initOnStartup'
 -  52 :  : 'Z'
 -  53 :  : '_roleMap'
 -  54 :  : 'Ljava/util/Map;'
 -  55 :  : 'Ljava/util/Map<Ljava/lang/String;Ljava/lang/String;>;'
 -  56 :  : '_forcedPath'
 -  57 :  : 'Ljava/lang/String;'
 -  58 :  : '_runAsRole'
 -  59 :  : '_runAsToken'
 -  60 :  : 'Lorg/eclipse/jetty/security/RunAsToken;'
 -  61 :  : '_identityService'
 -  62 :  : 'Lorg/eclipse/jetty/security/IdentityService;'
 -  63 :  : '_registration'
 -  64 :  : 'Ljavax/servlet/ServletRegistration$Dynamic;'
 -  65 :  : '_servlet'
 -  66 :  : 'Ljavax/servlet/Servlet;'
 -  67 :  : '_config'
 -  68 :  : 'Lorg/eclipse/jetty/servlet/ServletHolder$Config;'
 -  69 :  : '_unavailable'
 -  70 :  : 'J'
 -  71 :  : '_enabled'
 -  72 :  : '_unavailableEx'
 -  73 :  : 'Ljavax/servlet/UnavailableException;'
 -  74 :  : 'NO_MAPPED_ROLES'
 -  75 :  : '<init>'
 -  76 :  : '()V'
 -  77 :  : 'EMBEDDED'
 -  78 :  : 'Lorg/eclipse/jetty/servlet/Holder$Source;'
 -  79 :  : name_index=77 signature_index=78
 -  80 :  : klass_index=28 name_and_type_index=79
 -  81 :  : '(Lorg/eclipse/jetty/servlet/Holder$Source;)V'
 -  82 :  : name_index=75 signature_index=81
 -  83 :  : klass_index=2 name_and_type_index=82
 -  84 :  : 'this'
 -  85 :  : 'Lorg/eclipse/jetty/servlet/ServletHolder;'
 -  86 :  : klass_index=5 name_and_type_index=82
 -  87 :  : name_index=51 signature_index=52
 -  88 :  : klass_index=2 name_and_type_index=87
 -  89 :  : name_index=71 signature_index=52
 -  90 :  : klass_index=2 name_and_type_index=89
 -  91 :  : 'creator'
 -  92 :  : '(Ljavax/servlet/Servlet;)V'
 -  93 :  : 'setServlet'
 -  94 :  : name_index=93 signature_index=92
 -  95 :  : klass_index=2 name_and_type_index=94
 -  96 :  : 'servlet'
 -  97 :  : '(Ljava/lang/String;Ljava/lang/Class;)V'
 -  98 :  : 'setName'
 -  99 :  : '(Ljava/lang/String;)V'
 - 100 :  : name_index=98 signature_index=99
 - 101 :  : klass_index=2 name_and_type_index=100
 - 102 :  : 'setHeldClass'
 - 103 :  : '(Ljava/lang/Class;)V'
 - 104 :  : name_index=102 signature_index=103
 - 105 :  : klass_index=2 name_and_type_index=104
 - 106 :  : 'name'
 - 107 :  : 'Ljava/lang/Class<+Ljavax/servlet/Servlet;>;'
 - 108 :  : 'Ljava/lang/Class;'
 - 109 :  : '(Ljava/lang/String;Ljavax/servlet/Servlet;)V'
 - 110 :  : 'getUnavailableException'
 - 111 :  : '()Ljavax/servlet/UnavailableException;'
 - 112 :  : name_index=72 signature_index=73
 - 113 :  : klass_index=2 name_and_type_index=112
 - 114 :  : 'javax/servlet/SingleThreadModel'
 - 115 :  : 'javax/servlet/SingleThreadModel' {0x11992f2b8}
 - 116 :  : 'java/lang/IllegalArgumentException'
 - 117 :  : 'java/lang/IllegalArgumentException'
 - 118 :  : name_index=75 signature_index=76
 - 119 :  : klass_index=117 name_and_type_index=118
 - 120 :  : '_extInstance'
 - 121 :  : name_index=120 signature_index=52
 - 122 :  : klass_index=2 name_and_type_index=121
 - 123 :  : name_index=65 signature_index=66
 - 124 :  : klass_index=2 name_and_type_index=123
 - 125 :  : 'java/lang/Object'
 - 126 :  : 'java/lang/Object' {0x1164c2df8}
 - 127 :  : 'getClass'
 - 128 :  : '()Ljava/lang/Class;'
 - 129 :  : name_index=127 signature_index=128
 - 130 :  : klass_index=126 name_and_type_index=129
 - 131 :  : 'getName'
 - 132 :  : '()Ljava/lang/String;'
 - 133 :  : name_index=131 signature_index=132
 - 134 :  : klass_index=2 name_and_type_index=133
 - 135 :  : 'java/lang/StringBuilder'
 - 136 :  : 'java/lang/StringBuilder'
 - 137 :  : klass_index=136 name_and_type_index=118
 - 138 :  : 'java/lang/Class'
 - 139 :  : 'java/lang/Class' {0x1164d69c8}
 - 140 :  : klass_index=139 name_and_type_index=133
 - 141 :  : 'append'
 - 142 :  : '(Ljava/lang/String;)Ljava/lang/StringBuilder;'
 - 143 :  : name_index=141 signature_index=142
 - 144 :  : klass_index=136 name_and_type_index=143
 - 145 :  : '-'
 - 146 :  : "-" {0x10f649358}
 - 147 :  : 'hashCode'
 - 148 :  : '()I'
 - 149 :  : name_index=147 signature_index=148
 - 150 :  : klass_index=126 name_and_type_index=149
 - 151 :  : '(I)Ljava/lang/StringBuilder;'
 - 152 :  : name_index=141 signature_index=151
 - 153 :  : klass_index=136 name_and_type_index=152
 - 154 :  : 'toString'
 - 155 :  : name_index=154 signature_index=132
 - 156 :  : klass_index=136 name_and_type_index=155
 - 157 :  : 'getInitOrder'
 - 158 :  : name_index=49 signature_index=50
 - 159 :  : klass_index=2 name_and_type_index=158
 - 160 :  : 'setInitOrder'
 - 161 :  : '(I)V'
 - 162 :  : 'order'
 - 163 :  : 'isSetInitOrder'
 - 164 :  : '()Z'
 - 165 :  : 'compareTo'
 - 166 :  : '(Ljava/lang/Object;)I'
 - 167 :  : '_className'
 - 168 :  : name_index=167 signature_index=57
 - 169 :  : klass_index=2 name_and_type_index=168
 - 170 :  : 'java/lang/String'
 - 171 :  : 'java/lang/String' {0x1164cb910}
 - 172 :  : '(Ljava/lang/String;)I'
 - 173 :  : name_index=165 signature_index=172
 - 174 :  : klass_index=171 name_and_type_index=173
 - 175 :  : '_name'
 - 176 :  : name_index=175 signature_index=57
 - 177 :  : klass_index=2 name_and_type_index=176
 - 178 :  : 'sh'
 - 179 :  : 'c'
 - 180 :  : 'o'
 - 181 :  : 'Ljava/lang/Object;'
 - 182 :  : 'equals'
 - 183 :  : '(Ljava/lang/Object;)Z'
 - 184 :  : name_index=165 signature_index=166
 - 185 :  : klass_index=2 name_and_type_index=184
 - 186 :  : 'java/lang/System'
 - 187 :  : 'java/lang/System' {0x1164e1d18}
 - 188 :  : 'identityHashCode'
 - 189 :  : name_index=188 signature_index=166
 - 190 :  : klass_index=187 name_and_type_index=189
 - 191 :  : klass_index=171 name_and_type_index=149
 - 192 :  : 'setUserRoleLink'
 - 193 :  : '(Ljava/lang/String;Ljava/lang/String;)V'
 - 194 :  : name_index=53 signature_index=54
 - 195 :  : klass_index=2 name_and_type_index=194
 - 196 :  : 'java/util/HashMap'
 - 197 :  : 'java/util/HashMap'
 - 198 :  : klass_index=197 name_and_type_index=118
 - 199 :  : 'java/util/Map'
 - 200 :  : 'java/util/Map'
 - 201 :  : 'put'
 - 202 :  : '(Ljava/lang/Object;Ljava/lang/Object;)Ljava/lang/Object;'
 - 203 :  : name_index=201 signature_index=202
 - 204 :  : klass_index=200 name_and_type_index=203
 - 205 :  : 'link'
 - 206 :  : 'getUserRoleLink'
 - 207 :  : '(Ljava/lang/String;)Ljava/lang/String;'
 - 208 :  : 'get'
 - 209 :  : '(Ljava/lang/Object;)Ljava/lang/Object;'
 - 210 :  : name_index=208 signature_index=209
 - 211 :  : klass_index=200 name_and_type_index=210
 - 212 :  : 'getRoleMap'
 - 213 :  : '()Ljava/util/Map;'
 - 214 :  : name_index=74 signature_index=54
 - 215 :  : klass_index=2 name_and_type_index=214
 - 216 :  : 'getForcedPath'
 - 217 :  : name_index=56 signature_index=57
 - 218 :  : klass_index=2 name_and_type_index=217
 - 219 :  : 'setForcedPath'
 - 220 :  : 'forcedPath'
 - 221 :  : 'isEnabled'
 - 222 :  : 'setEnabled'
 - 223 :  : '(Z)V'
 - 224 :  : 'enabled'
 - 225 :  : 'doStart'
 - 226 :  : 'java/lang/Exception'
 - 227 :  : 'java/lang/Exception'
 - 228 :  : 'javax/servlet/UnavailableException'
 - 229 :  : 'javax/servlet/UnavailableException' {0x11b861280}
 - 230 :  : name_index=69 signature_index=70
 - 231 :  : klass_index=2 name_and_type_index=230
 - 232 :  : name_index=225 signature_index=76
 - 233 :  : klass_index=5 name_and_type_index=232
 - 234 :  : 'makeUnavailable'
 - 235 :  : '(Ljavax/servlet/UnavailableException;)V'
 - 236 :  : name_index=234 signature_index=235
 - 237 :  : klass_index=2 name_and_type_index=236
 - 238 :  : '_servletHandler'
 - 239 :  : 'Lorg/eclipse/jetty/servlet/ServletHandler;'
 - 240 :  : name_index=238 signature_index=239
 - 241 :  : klass_index=2 name_and_type_index=240
 - 242 :  : 'org/eclipse/jetty/servlet/ServletHandler'
 - 243 :  : 'org/eclipse/jetty/servlet/ServletHandler' {0x119066860}
 - 244 :  : 'isStartWithUnavailable'
 - 245 :  : name_index=244 signature_index=164
 - 246 :  : klass_index=243 name_and_type_index=245
 - 247 :  : name_index=47 signature_index=48
 - 248 :  : klass_index=2 name_and_type_index=247
 - 249 :  : 'org/eclipse/jetty/util/log/Logger'
 - 250 :  : 'org/eclipse/jetty/util/log/Logger'
 - 251 :  : 'ignore'
 - 252 :  : '(Ljava/lang/Throwable;)V'
 - 253 :  : name_index=251 signature_index=252
 - 254 :  : klass_index=250 name_and_type_index=253
 - 255 :  : 'checkServletType'
 - 256 :  : name_index=255 signature_index=76
 - 257 :  : klass_index=2 name_and_type_index=256
 - 258 :  : 'getIdentityService'
 - 259 :  : '()Lorg/eclipse/jetty/security/IdentityService;'
 - 260 :  : name_index=258 signature_index=259
 - 261 :  : klass_index=243 name_and_type_index=260
 - 262 :  : name_index=61 signature_index=62
 - 263 :  : klass_index=2 name_and_type_index=262
 - 264 :  : name_index=58 signature_index=57
 - 265 :  : klass_index=2 name_and_type_index=264
 - 266 :  : 'org/eclipse/jetty/security/IdentityService'
 - 267 :  : 'org/eclipse/jetty/security/IdentityService'
 - 268 :  : 'newRunAsToken'
 - 269 :  : '(Ljava/lang/String;)Lorg/eclipse/jetty/security/RunAsToken;'
 - 270 :  : name_index=268 signature_index=269
 - 271 :  : klass_index=267 name_and_type_index=270
 - 272 :  : name_index=59 signature_index=60
 - 273 :  : klass_index=2 name_and_type_index=272
 - 274 :  : '(Lorg/eclipse/jetty/servlet/ServletHolder;)V'
 - 275 :  : name_index=75 signature_index=274
 - 276 :  : klass_index=18 name_and_type_index=275
 - 277 :  : name_index=67 signature_index=68
 - 278 :  : klass_index=2 name_and_type_index=277
 - 279 :  : '_class'
 - 280 :  : name_index=279 signature_index=108
 - 281 :  : klass_index=2 name_and_type_index=280
 - 282 :  : 'isAssignableFrom'
 - 283 :  : '(Ljava/lang/Class;)Z'
 - 284 :  : name_index=282 signature_index=283
 - 285 :  : klass_index=139 name_and_type_index=284
 - 286 :  : '(Lorg/eclipse/jetty/servlet/ServletHolder;Lorg/eclipse/jetty/servlet/ServletHolder$1;)V'
 - 287 :  : name_index=75 signature_index=286
 - 288 :  : klass_index=12 name_and_type_index=287
 - 289 :  : 'initServlet'
 - 290 :  : name_index=289 signature_index=76
 - 291 :  : klass_index=2 name_and_type_index=290
 - 292 :  : 'ue'
 - 293 :  : 'e'
 - 294 :  : 'Ljava/lang/Exception;'
 - 295 :  : 'doStop'
 - 296 :  : 'getSystemUserIdentity'
 - 297 :  : '()Lorg/eclipse/jetty/server/UserIdentity;'
 - 298 :  : name_index=296 signature_index=297
 - 299 :  : klass_index=267 name_and_type_index=298
 - 300 :  : 'setRunAs'
 - 301 :  : '(Lorg/eclipse/jetty/server/UserIdentity;Lorg/eclipse/jetty/security/RunAsToken;)Ljava/lang/Object;'
 - 302 :  : name_index=300 signature_index=301
 - 303 :  : klass_index=267 name_and_type_index=302
 - 304 :  : 'destroyInstance'
 - 305 :  : '(Ljava/lang/Object;)V'
 - 306 :  : name_index=304 signature_index=305
 - 307 :  : klass_index=2 name_and_type_index=306
 - 308 :  : 'unsetRunAs'
 - 309 :  : name_index=308 signature_index=305
 - 310 :  : klass_index=267 name_and_type_index=309
 - 311 :  : 'warn'
 - 312 :  : name_index=311 signature_index=252
 - 313 :  : klass_index=250 name_and_type_index=312
 - 314 :  : 'old_run_as'
 - 315 :  : 'javax/servlet/Servlet'
 - 316 :  : 'javax/servlet/Servlet' {0x116f186c8}
 - 317 :  : 'getServletHandler'
 - 318 :  : '()Lorg/eclipse/jetty/servlet/ServletHandler;'
 - 319 :  : name_index=317 signature_index=318
 - 320 :  : klass_index=2 name_and_type_index=319
 - 321 :  : 'destroyServlet'
 - 322 :  : name_index=321 signature_index=92
 - 323 :  : klass_index=243 name_and_type_index=322
 - 324 :  : 'destroy'
 - 325 :  : name_index=324 signature_index=76
 - 326 :  : klass_index=316 name_and_type_index=325
 - 327 :  : 'getServlet'
 - 328 :  : '()Ljavax/servlet/Servlet;'
 - 329 :  : 'javax/servlet/ServletException'
 - 330 :  : 'javax/servlet/ServletException'
 - 331 :  : 'currentTimeMillis'
 - 332 :  : '()J'
 - 333 :  : name_index=331 signature_index=332
 - 334 :  : klass_index=187 name_and_type_index=333
 - 335 :  : 'getServletInstance'
 - 336 :  : 'Servlet '
 - 337 :  : "Servlet " {0x10bf31ab8}
 - 338 :  : '(Ljava/lang/Object;)Ljava/lang/StringBuilder;'
 - 339 :  : name_index=141 signature_index=338
 - 340 :  : klass_index=136 name_and_type_index=339
 - 341 :  : ' is not a javax.servlet.Servlet'
 - 342 :  : " is not a javax.servlet.Servlet" {0x10bf31af0}
 - 343 :  : name_index=75 signature_index=99
 - 344 :  : klass_index=229 name_and_type_index=343
 - 345 :  : 'isAvailable'
 - 346 :  : 'isStarted'
 - 347 :  : name_index=346 signature_index=164
 - 348 :  : klass_index=2 name_and_type_index=347
 - 349 :  : name_index=327 signature_index=328
 - 350 :  : klass_index=2 name_and_type_index=349
 - 351 :  : 'getServletContext'
 - 352 :  : '()Ljavax/servlet/ServletContext;'
 - 353 :  : name_index=351 signature_index=352
 - 354 :  : klass_index=243 name_and_type_index=353
 - 355 :  : 'unavailable'
 - 356 :  : "unavailable" {0x10bf31b58}
 - 357 :  : 'javax/servlet/ServletContext'
 - 358 :  : 'javax/servlet/ServletContext'
 - 359 :  : 'log'
 - 360 :  : '(Ljava/lang/String;Ljava/lang/Throwable;)V'
 - 361 :  : name_index=359 signature_index=360
 - 362 :  : klass_index=358 name_and_type_index=361
 - 363 :  : -1
 - 365 :  : 'isPermanent'
 - 366 :  : name_index=365 signature_index=164
 - 367 :  : klass_index=229 name_and_type_index=366
 - 368 :  : 'getUnavailableSeconds'
 - 369 :  : name_index=368 signature_index=148
 - 370 :  : klass_index=229 name_and_type_index=369
 - 371 :  : 5000
 - 373 :  : 'info'
 - 374 :  : name_index=373 signature_index=360
 - 375 :  : klass_index=250 name_and_type_index=374
 - 376 :  : 'valueOf'
 - 377 :  : '(Ljava/lang/Object;)Ljava/lang/String;'
 - 378 :  : name_index=376 signature_index=377
 - 379 :  : klass_index=171 name_and_type_index=378
 - 380 :  : '(Lorg/eclipse/jetty/servlet/ServletHolder;Ljava/lang/String;ILjava/lang/Throwable;)V'
 - 381 :  : name_index=75 signature_index=380
 - 382 :  : klass_index=21 name_and_type_index=381
 - 383 :  : 'ctx'
 - 384 :  : 'Ljavax/servlet/ServletContext;'
 - 385 :  : 'Ljava/lang/Throwable;'
 - 386 :  : 'newInstance'
 - 387 :  : name_index=386 signature_index=328
 - 388 :  : klass_index=2 name_and_type_index=387
 - 389 :  : 'isJspServlet'
 - 390 :  : name_index=389 signature_index=164
 - 391 :  : klass_index=2 name_and_type_index=390
 - 392 :  : 'initJspServlet'
 - 393 :  : name_index=392 signature_index=76
 - 394 :  : klass_index=2 name_and_type_index=393
 - 395 :  : 'initMultiPart'
 - 396 :  : name_index=395 signature_index=76
 - 397 :  : klass_index=2 name_and_type_index=396
 - 398 :  : 'init'
 - 399 :  : '(Ljavax/servlet/ServletConfig;)V'
 - 400 :  : name_index=398 signature_index=399
 - 401 :  : klass_index=316 name_and_type_index=400
 - 402 :  : 'getCause'
 - 403 :  : '()Ljava/lang/Throwable;'
 - 404 :  : name_index=402 signature_index=403
 - 405 :  : klass_index=330 name_and_type_index=404
 - 406 :  : name_index=234 signature_index=252
 - 407 :  : klass_index=2 name_and_type_index=406
 - 408 :  : klass_index=2 name_and_type_index=155
 - 409 :  : name_index=75 signature_index=360
 - 410 :  : klass_index=330 name_and_type_index=409
 - 411 :  : 'Ljavax/servlet/ServletException;'
 - 412 :  : 'getContextHandler'
 - 413 :  : '()Lorg/eclipse/jetty/server/handler/ContextHandler;'
 - 414 :  : name_index=412 signature_index=413
 - 415 :  : klass_index=34 name_and_type_index=414
 - 416 :  : 'org.apache.catalina.jsp_classpath'
 - 417 :  : "org.apache.catalina.jsp_classpath" {0x112443428}
 - 418 :  : 'getClassPath'
 - 419 :  : name_index=418 signature_index=132
 - 420 :  : klass_index=36 name_and_type_index=419
 - 421 :  : 'setAttribute'
 - 422 :  : '(Ljava/lang/String;Ljava/lang/Object;)V'
 - 423 :  : name_index=421 signature_index=422
 - 424 :  : klass_index=36 name_and_type_index=423
 - 425 :  : 'com.sun.appserv.jsp.classpath'
 - 426 :  : "com.sun.appserv.jsp.classpath" {0x112444298}
 - 427 :  : 'getClassLoader'
 - 428 :  : '()Ljava/lang/ClassLoader;'
 - 429 :  : name_index=427 signature_index=428
 - 430 :  : klass_index=36 name_and_type_index=429
 - 431 :  : 'java/lang/ClassLoader'
 - 432 :  : 'java/lang/ClassLoader' {0x1164de418}
 - 433 :  : 'getParent'
 - 434 :  : name_index=433 signature_index=428
 - 435 :  : klass_index=432 name_and_type_index=434
 - 436 :  : 'org/eclipse/jetty/util/Loader'
 - 437 :  : 'org/eclipse/jetty/util/Loader' {0x11764a0e8}
 - 438 :  : '(Ljava/lang/ClassLoader;)Ljava/lang/String;'
 - 439 :  : name_index=418 signature_index=438
 - 440 :  : klass_index=437 name_and_type_index=439
 - 441 :  : 'setInitParameter'
 - 442 :  : name_index=441 signature_index=193
 - 443 :  : klass_index=2 name_and_type_index=442
 - 444 :  : '?'
 - 445 :  : "?" {0x10f839bf8}
 - 446 :  : 'classpath'
 - 447 :  : "classpath" {0x111f4c2c8}
 - 448 :  : 'getInitParameter'
 - 449 :  : name_index=448 signature_index=207
 - 450 :  : klass_index=2 name_and_type_index=449
 - 451 :  : name_index=182 signature_index=183
 - 452 :  : klass_index=171 name_and_type_index=451
 - 453 :  : 'classpath='
 - 454 :  : "classpath=" {0x10bf31b98}
 - 455 :  : 'debug'
 - 456 :  : '(Ljava/lang/String;[Ljava/lang/Object;)V'
 - 457 :  : name_index=455 signature_index=456
 - 458 :  : klass_index=250 name_and_type_index=457
 - 459 :  : 'ch'
 - 460 :  : 'Lorg/eclipse/jetty/server/handler/ContextHandler;'
 - 461 :  : 'getRegistration'
 - 462 :  : '()Ljavax/servlet/ServletRegistration$Dynamic;'
 - 463 :  : name_index=461 signature_index=462
 - 464 :  : klass_index=2 name_and_type_index=463
 - 465 :  : 'getMultipartConfig'
 - 466 :  : '()Ljavax/servlet/MultipartConfigElement;'
 - 467 :  : name_index=465 signature_index=466
 - 468 :  : klass_index=15 name_and_type_index=467
 - 469 :  : klass_index=39 name_and_type_index=118
 - 470 :  : 'addEventListener'
 - 471 :  : '(Ljava/util/EventListener;)V'
 - 472 :  : name_index=470 signature_index=471
 - 473 :  : klass_index=36 name_and_type_index=472
 - 474 :  : 'getContextPath'
 - 475 :  : klass_index=18 name_and_type_index=353
 - 476 :  : name_index=474 signature_index=132
 - 477 :  : klass_index=358 name_and_type_index=476
 - 478 :  : 'getRoleRefMap'
 - 479 :  : 'getRunAsRole'
 - 480 :  : 'setRunAsRole'
 - 481 :  : 'role'
 - 482 :  : 'handle'
 - 483 :  : '(Lorg/eclipse/jetty/server/Request;Ljavax/servlet/ServletRequest;Ljavax/servlet/ServletResponse;)V'
 - 484 :  : 'java/io/IOException'
 - 485 :  : 'java/io/IOException'
 - 486 :  : 'Servlet Not Initialized'
 - 487 :  : "Servlet Not Initialized" {0x10bf31bd8}
 - 488 :  : 'Servlet not initialized'
 - 489 :  : "Servlet not initialized" {0x10bf31c30}
 - 490 :  : '(Ljava/lang/String;I)V'
 - 491 :  : name_index=75 signature_index=490
 - 492 :  : klass_index=229 name_and_type_index=491
 - 493 :  : 'Could not instantiate '
 - 494 :  : "Could not instantiate " {0x10bf31c88}
 - 495 :  : 'isAsyncSupported'
 - 496 :  : name_index=495 signature_index=164
 - 497 :  : klass_index=41 name_and_type_index=496
 - 498 :  : 'org.apache.catalina.jsp_file'
 - 499 :  : "org.apache.catalina.jsp_file" {0x1124439c8}
 - 500 :  : 'javax/servlet/ServletRequest'
 - 501 :  : 'javax/servlet/ServletRequest' {0x1191bf0c0}
 - 502 :  : klass_index=501 name_and_type_index=423
 - 503 :  : 'getResolvedUserIdentity'
 - 504 :  : name_index=503 signature_index=297
 - 505 :  : klass_index=41 name_and_type_index=504
 - 506 :  : klass_index=2 name_and_type_index=496
 - 507 :  : 'setAsyncSupported'
 - 508 :  : name_index=507 signature_index=223
 - 509 :  : klass_index=41 name_and_type_index=508
 - 510 :  : 'org.eclipse.multipartConfig'
 - 511 :  : "org.eclipse.multipartConfig" {0x112442c30}
 - 512 :  : 'service'
 - 513 :  : '(Ljavax/servlet/ServletRequest;Ljavax/servlet/ServletResponse;)V'
 - 514 :  : name_index=512 signature_index=513
 - 515 :  : klass_index=316 name_and_type_index=514
 - 516 :  : 'javax.servlet.error.servlet_name'
 - 517 :  : "javax.servlet.error.servlet_name" {0x110cd2180}
 - 518 :  : 'mpce'
 - 519 :  : 'Ljavax/servlet/MultipartConfigElement;'
 - 520 :  : 'baseRequest'
 - 521 :  : 'Lorg/eclipse/jetty/server/Request;'
 - 522 :  : 'request'
 - 523 :  : 'Ljavax/servlet/ServletRequest;'
 - 524 :  : 'response'
 - 525 :  : 'Ljavax/servlet/ServletResponse;'
 - 526 :  : 'servlet_error'
 - 527 :  : 'suspendable'
 - 528 :  : '(Ljava/lang/String;)Z'
 - 529 :  : name_index=389 signature_index=528
 - 530 :  : klass_index=2 name_and_type_index=529
 - 531 :  : 'getSuperclass'
 - 532 :  : name_index=531 signature_index=128
 - 533 :  : klass_index=139 name_and_type_index=532
 - 534 :  : 'result'
 - 535 :  : 'org.apache.jasper.servlet.JspServlet'
 - 536 :  : "org.apache.jasper.servlet.JspServlet" {0x1105393a8}
 - 537 :  : 'classname'
 - 538 :  : name_index=63 signature_index=64
 - 539 :  : klass_index=2 name_and_type_index=538
 - 540 :  : klass_index=15 name_and_type_index=275
 - 541 :  : 'java/lang/IllegalAccessException'
 - 542 :  : 'java/lang/IllegalAccessException'
 - 543 :  : 'java/lang/InstantiationException'
 - 544 :  : 'java/lang/InstantiationException'
 - 545 :  : 'getHeldClass'
 - 546 :  : name_index=545 signature_index=128
 - 547 :  : klass_index=2 name_and_type_index=546
 - 548 :  : 'org/springsource/loaded/ri/ReflectiveInterceptor'
 - 549 :  : 'org/springsource/loaded/ri/ReflectiveInterceptor'
 - 550 :  : 'jlClassNewInstance'
 - 551 :  : '(Ljava/lang/Class;)Ljava/lang/Object;'
 - 552 :  : name_index=550 signature_index=551
 - 553 :  : klass_index=549 name_and_type_index=552
 - 554 :  : 'createServlet'
 - 555 :  : '(Ljava/lang/Class;)Ljavax/servlet/Servlet;'
 - 556 :  : name_index=554 signature_index=555
 - 557 :  : klass_index=44 name_and_type_index=556
 - 558 :  : 'getRootCause'
 - 559 :  : name_index=558 signature_index=403
 - 560 :  : klass_index=330 name_and_type_index=559
 - 561 :  : 'cause'
 - 562 :  : 'se'
 - 563 :  : 'access$100'
 - 564 :  : '(Lorg/eclipse/jetty/servlet/ServletHolder;)Ljava/lang/String;'
 - 565 :  : 'x0'
 - 566 :  : 'access$102'
 - 567 :  : '(Lorg/eclipse/jetty/servlet/ServletHolder;Ljava/lang/String;)Ljava/lang/String;'
 - 568 :  : 'x1'
 - 569 :  : 'access$200'
 - 570 :  : '()Lorg/eclipse/jetty/util/log/Logger;'
 - 571 :  : 'access$300'
 - 572 :  : '(Lorg/eclipse/jetty/servlet/ServletHolder;)Lorg/eclipse/jetty/servlet/ServletHolder$Config;'
 - 573 :  : '<clinit>'
 - 574 :  : 'org/eclipse/jetty/util/log/Log'
 - 575 :  : 'org/eclipse/jetty/util/log/Log' {0x118ff1ad8}
 - 576 :  : 'getLogger'
 - 577 :  : '(Ljava/lang/Class;)Lorg/eclipse/jetty/util/log/Logger;'
 - 578 :  : name_index=576 signature_index=577
 - 579 :  : klass_index=575 name_and_type_index=578
 - 580 :  : 'java/util/Collections'
 - 581 :  : 'java/util/Collections' {0x1165a94d0}
 - 582 :  : 'emptyMap'
 - 583 :  : name_index=582 signature_index=213
 - 584 :  : klass_index=581 name_and_type_index=583
 - 585 :  : 'Signature'
 - 586 :  : 'Code'
 - 587 :  : 'LocalVariableTable'
 - 588 :  : 'LineNumberTable'
 - 589 :  : 'LocalVariableTypeTable'
 - 590 :  : '(Ljava/lang/String;Ljava/lang/Class<+Ljavax/servlet/Servlet;>;)V'
 - 591 :  : '(Ljava/lang/Class<+Ljavax/servlet/Servlet;>;)V'
 - 592 :  : '()Ljava/util/Map<Ljava/lang/String;Ljava/lang/String;>;'
 - 593 :  : 'Exceptions'
 - 594 :  : 'SourceFile'
 - 595 :  : 'InnerClasses'

R10=0x0000000108940d00: _ZN19TemplateInterpreter13_active_tableE+0x4000 in /Library/Java/JavaVirtualMachines/jdk1.7.0_21.jdk/Contents/Home/jre/lib/server/libjvm.dylib at 0x0000000108200000
R11=0x0000000000000028 is an unknown value
R12=0x0000000000000120 is an unknown value
R13=0x0000000000000000 is an unknown value
R14=0x00007fda16860000 is a thread
R15=0x0000000000000120 is an unknown value


Stack: [0x0000000123589000,0x0000000123689000],  sp=0x0000000123685f80,  free space=1011k
Native frames: (J=compiled Java code, j=interpreted, Vv=VM code, C=native code)
V  [libjvm.dylib+0x25ca97]
V  [libjvm.dylib+0x39e53a]
V  [libjvm.dylib+0x306181]
V  [libjvm.dylib+0x2859a4]
j  org.springframework.web.servlet.FrameworkServlet.processRequest(Ljavax/servlet/http/HttpServletRequest;Ljavax/servlet/http/HttpServletResponse;)V+310
j  org.springframework.web.servlet.FrameworkServlet.doPost(Ljavax/servlet/http/HttpServletRequest;Ljavax/servlet/http/HttpServletResponse;)V+3
j  javax.servlet.http.HttpServlet.service(Ljavax/servlet/http/HttpServletRequest;Ljavax/servlet/http/HttpServletResponse;)V+149
j  org.springframework.web.servlet.FrameworkServlet.service(Ljavax/servlet/http/HttpServletRequest;Ljavax/servlet/http/HttpServletResponse;)V+32
j  javax.servlet.http.HttpServlet.service(Ljavax/servlet/ServletRequest;Ljavax/servlet/ServletResponse;)V+31
j  org.eclipse.jetty.servlet.ServletHolder.handle(Lorg/eclipse/jetty/server/Request;Ljavax/servlet/ServletRequest;Ljavax/servlet/ServletResponse;)V+222
j  org.eclipse.jetty.servlet.ServletHandler$CachedChain.doFilter(Ljavax/servlet/ServletRequest;Ljavax/servlet/ServletResponse;)V+237
j  com.genohm.boinq.web.filter.gzip.GZipServletFilter.doFilter(Ljavax/servlet/ServletRequest;Ljavax/servlet/ServletResponse;Ljavax/servlet/FilterChain;)V+293
j  org.eclipse.jetty.servlet.ServletHandler$CachedChain.doFilter(Ljavax/servlet/ServletRequest;Ljavax/servlet/ServletResponse;)V+100
j  com.codahale.metrics.servlet.AbstractInstrumentedFilter.doFilter(Ljavax/servlet/ServletRequest;Ljavax/servlet/ServletResponse;Ljavax/servlet/FilterChain;)V+33
j  org.eclipse.jetty.servlet.ServletHandler$CachedChain.doFilter(Ljavax/servlet/ServletRequest;Ljavax/servlet/ServletResponse;)V+100
j  org.springframework.boot.actuate.trace.WebRequestTraceFilter.doFilter(Ljavax/servlet/ServletRequest;Ljavax/servlet/ServletResponse;Ljavax/servlet/FilterChain;)V+160
j  org.eclipse.jetty.servlet.ServletHandler$CachedChain.doFilter(Ljavax/servlet/ServletRequest;Ljavax/servlet/ServletResponse;)V+100
j  org.springframework.boot.actuate.autoconfigure.EndpointWebMvcAutoConfiguration$ApplicationContextFilterConfiguration$1.doFilterInternal(Ljavax/servlet/http/HttpServletRequest;Ljavax/servlet/http/HttpServletResponse;Ljavax/servlet/FilterChain;)V+15
j  org.springframework.web.filter.OncePerRequestFilter.doFilter(Ljavax/servlet/ServletRequest;Ljavax/servlet/ServletResponse;Ljavax/servlet/FilterChain;)V+111
j  org.eclipse.jetty.servlet.ServletHandler$CachedChain.doFilter(Ljavax/servlet/ServletRequest;Ljavax/servlet/ServletResponse;)V+100
j  org.springframework.web.filter.HiddenHttpMethodFilter.doFilterInternal(Ljavax/servlet/http/HttpServletRequest;Ljavax/servlet/http/HttpServletResponse;Ljavax/servlet/FilterChain;)V+71
j  org.springframework.web.filter.OncePerRequestFilter.doFilter(Ljavax/servlet/ServletRequest;Ljavax/servlet/ServletResponse;Ljavax/servlet/FilterChain;)V+111
j  org.eclipse.jetty.servlet.ServletHandler$CachedChain.doFilter(Ljavax/servlet/ServletRequest;Ljavax/servlet/ServletResponse;)V+100
j  org.springframework.security.web.FilterChainProxy$VirtualFilterChain.doFilter(Ljavax/servlet/ServletRequest;Ljavax/servlet/ServletResponse;)V+68
j  org.springframework.security.web.access.intercept.FilterSecurityInterceptor.invoke(Lorg/springframework/security/web/FilterInvocation;)V+87
j  org.springframework.security.web.access.intercept.FilterSecurityInterceptor.doFilter(Ljavax/servlet/ServletRequest;Ljavax/servlet/ServletResponse;Ljavax/servlet/FilterChain;)V+15
j  org.springframework.security.web.FilterChainProxy$VirtualFilterChain.doFilter(Ljavax/servlet/ServletRequest;Ljavax/servlet/ServletResponse;)V+192
j  org.springframework.security.web.access.ExceptionTranslationFilter.doFilter(Ljavax/servlet/ServletRequest;Ljavax/servlet/ServletResponse;Ljavax/servlet/FilterChain;)V+17
j  org.springframework.security.web.FilterChainProxy$VirtualFilterChain.doFilter(Ljavax/servlet/ServletRequest;Ljavax/servlet/ServletResponse;)V+192
j  org.springframework.security.web.session.SessionManagementFilter.doFilter(Ljavax/servlet/ServletRequest;Ljavax/servlet/ServletResponse;Ljavax/servlet/FilterChain;)V+258
j  org.springframework.security.web.FilterChainProxy$VirtualFilterChain.doFilter(Ljavax/servlet/ServletRequest;Ljavax/servlet/ServletResponse;)V+192
j  org.springframework.security.web.authentication.AnonymousAuthenticationFilter.doFilter(Ljavax/servlet/ServletRequest;Ljavax/servlet/ServletResponse;Ljavax/servlet/FilterChain;)V+148
j  org.springframework.security.web.FilterChainProxy$VirtualFilterChain.doFilter(Ljavax/servlet/ServletRequest;Ljavax/servlet/ServletResponse;)V+192
j  org.springframework.security.web.authentication.rememberme.RememberMeAuthenticationFilter.doFilter(Ljavax/servlet/ServletRequest;Ljavax/servlet/ServletResponse;Ljavax/servlet/FilterChain;)V+332
j  org.springframework.security.web.FilterChainProxy$VirtualFilterChain.doFilter(Ljavax/servlet/ServletRequest;Ljavax/servlet/ServletResponse;)V+192
j  org.springframework.security.web.servletapi.SecurityContextHolderAwareRequestFilter.doFilter(Ljavax/servlet/ServletRequest;Ljavax/servlet/ServletResponse;Ljavax/servlet/FilterChain;)V+19
j  org.springframework.security.web.FilterChainProxy$VirtualFilterChain.doFilter(Ljavax/servlet/ServletRequest;Ljavax/servlet/ServletResponse;)V+192
j  org.springframework.security.web.savedrequest.RequestCacheAwareFilter.doFilter(Ljavax/servlet/ServletRequest;Ljavax/servlet/ServletResponse;Ljavax/servlet/FilterChain;)V+32
j  org.springframework.security.web.FilterChainProxy$VirtualFilterChain.doFilter(Ljavax/servlet/ServletRequest;Ljavax/servlet/ServletResponse;)V+192
j  org.springframework.security.web.authentication.AbstractAuthenticationProcessingFilter.doFilter(Ljavax/servlet/ServletRequest;Ljavax/servlet/ServletResponse;Ljavax/servlet/FilterChain;)V+28
j  org.springframework.security.web.FilterChainProxy$VirtualFilterChain.doFilter(Ljavax/servlet/ServletRequest;Ljavax/servlet/ServletResponse;)V+192
j  org.springframework.security.web.authentication.logout.LogoutFilter.doFilter(Ljavax/servlet/ServletRequest;Ljavax/servlet/ServletResponse;Ljavax/servlet/FilterChain;)V+149
j  org.springframework.security.web.FilterChainProxy$VirtualFilterChain.doFilter(Ljavax/servlet/ServletRequest;Ljavax/servlet/ServletResponse;)V+192
j  org.springframework.security.web.context.SecurityContextPersistenceFilter.doFilter(Ljavax/servlet/ServletRequest;Ljavax/servlet/ServletResponse;Ljavax/servlet/FilterChain;)V+165
j  org.springframework.security.web.FilterChainProxy$VirtualFilterChain.doFilter(Ljavax/servlet/ServletRequest;Ljavax/servlet/ServletResponse;)V+192
j  org.springframework.security.web.context.request.async.WebAsyncManagerIntegrationFilter.doFilterInternal(Ljavax/servlet/http/HttpServletRequest;Ljavax/servlet/http/HttpServletResponse;Ljavax/servlet/FilterChain;)V+42
j  org.springframework.web.filter.OncePerRequestFilter.doFilter(Ljavax/servlet/ServletRequest;Ljavax/servlet/ServletResponse;Ljavax/servlet/FilterChain;)V+111
j  org.springframework.security.web.FilterChainProxy$VirtualFilterChain.doFilter(Ljavax/servlet/ServletRequest;Ljavax/servlet/ServletResponse;)V+192
j  org.springframework.security.web.FilterChainProxy.doFilterInternal(Ljavax/servlet/ServletRequest;Ljavax/servlet/ServletResponse;Ljavax/servlet/FilterChain;)V+142
j  org.springframework.security.web.FilterChainProxy.doFilter(Ljavax/servlet/ServletRequest;Ljavax/servlet/ServletResponse;Ljavax/servlet/FilterChain;)V+40
j  org.eclipse.jetty.servlet.ServletHandler$CachedChain.doFilter(Ljavax/servlet/ServletRequest;Ljavax/servlet/ServletResponse;)V+100
j  org.eclipse.jetty.servlet.ServletHandler.doHandle(Ljava/lang/String;Lorg/eclipse/jetty/server/Request;Ljavax/servlet/http/HttpServletRequest;Ljavax/servlet/http/HttpServletResponse;)V+199
j  org.eclipse.jetty.server.handler.ScopedHandler.handle(Ljava/lang/String;Lorg/eclipse/jetty/server/Request;Ljavax/servlet/http/HttpServletRequest;Ljavax/servlet/http/HttpServletResponse;)V+25
j  org.eclipse.jetty.security.SecurityHandler.handle(Ljava/lang/String;Lorg/eclipse/jetty/server/Request;Ljavax/servlet/http/HttpServletRequest;Ljavax/servlet/http/HttpServletResponse;)V+542
j  org.eclipse.jetty.server.session.SessionHandler.doHandle(Ljava/lang/String;Lorg/eclipse/jetty/server/Request;Ljavax/servlet/http/HttpServletRequest;Ljavax/servlet/http/HttpServletResponse;)V+68
j  org.eclipse.jetty.server.handler.ContextHandler.doHandle(Ljava/lang/String;Lorg/eclipse/jetty/server/Request;Ljavax/servlet/http/HttpServletRequest;Ljavax/servlet/http/HttpServletResponse;)V+206
j  org.eclipse.jetty.servlet.ServletHandler.doScope(Ljava/lang/String;Lorg/eclipse/jetty/server/Request;Ljavax/servlet/http/HttpServletRequest;Ljavax/servlet/http/HttpServletResponse;)V+281
j  org.eclipse.jetty.server.session.SessionHandler.doScope(Ljava/lang/String;Lorg/eclipse/jetty/server/Request;Ljavax/servlet/http/HttpServletRequest;Ljavax/servlet/http/HttpServletResponse;)V+233
j  org.eclipse.jetty.server.handler.ContextHandler.doScope(Ljava/lang/String;Lorg/eclipse/jetty/server/Request;Ljavax/servlet/http/HttpServletRequest;Ljavax/servlet/http/HttpServletResponse;)V+440
j  org.eclipse.jetty.server.handler.ScopedHandler.handle(Ljava/lang/String;Lorg/eclipse/jetty/server/Request;Ljavax/servlet/http/HttpServletRequest;Ljavax/servlet/http/HttpServletResponse;)V+13
j  org.eclipse.jetty.server.handler.HandlerWrapper.handle(Ljava/lang/String;Lorg/eclipse/jetty/server/Request;Ljavax/servlet/http/HttpServletRequest;Ljavax/servlet/http/HttpServletResponse;)V+23
j  org.eclipse.jetty.server.Server.handle(Lorg/eclipse/jetty/server/AbstractHttpConnection;)V+78
j  org.eclipse.jetty.server.AbstractHttpConnection.handleRequest()V+334
j  org.eclipse.jetty.server.AbstractHttpConnection.content(Lorg/eclipse/jetty/io/Buffer;)V+13
j  org.eclipse.jetty.server.AbstractHttpConnection$RequestHandler.content(Lorg/eclipse/jetty/io/Buffer;)V+5

Java frames: (J=compiled Java code, j=interpreted, Vv=VM code)
j  org.springframework.web.servlet.FrameworkServlet.processRequest(Ljavax/servlet/http/HttpServletRequest;Ljavax/servlet/http/HttpServletResponse;)V+310
j  org.springframework.web.servlet.FrameworkServlet.doPost(Ljavax/servlet/http/HttpServletRequest;Ljavax/servlet/http/HttpServletResponse;)V+3
j  javax.servlet.http.HttpServlet.service(Ljavax/servlet/http/HttpServletRequest;Ljavax/servlet/http/HttpServletResponse;)V+149
j  org.springframework.web.servlet.FrameworkServlet.service(Ljavax/servlet/http/HttpServletRequest;Ljavax/servlet/http/HttpServletResponse;)V+32
j  javax.servlet.http.HttpServlet.service(Ljavax/servlet/ServletRequest;Ljavax/servlet/ServletResponse;)V+31
j  org.eclipse.jetty.servlet.ServletHolder.handle(Lorg/eclipse/jetty/server/Request;Ljavax/servlet/ServletRequest;Ljavax/servlet/ServletResponse;)V+222
j  org.eclipse.jetty.servlet.ServletHandler$CachedChain.doFilter(Ljavax/servlet/ServletRequest;Ljavax/servlet/ServletResponse;)V+237
j  com.genohm.boinq.web.filter.gzip.GZipServletFilter.doFilter(Ljavax/servlet/ServletRequest;Ljavax/servlet/ServletResponse;Ljavax/servlet/FilterChain;)V+293
j  org.eclipse.jetty.servlet.ServletHandler$CachedChain.doFilter(Ljavax/servlet/ServletRequest;Ljavax/servlet/ServletResponse;)V+100
j  com.codahale.metrics.servlet.AbstractInstrumentedFilter.doFilter(Ljavax/servlet/ServletRequest;Ljavax/servlet/ServletResponse;Ljavax/servlet/FilterChain;)V+33
j  org.eclipse.jetty.servlet.ServletHandler$CachedChain.doFilter(Ljavax/servlet/ServletRequest;Ljavax/servlet/ServletResponse;)V+100
j  org.springframework.boot.actuate.trace.WebRequestTraceFilter.doFilter(Ljavax/servlet/ServletRequest;Ljavax/servlet/ServletResponse;Ljavax/servlet/FilterChain;)V+160
j  org.eclipse.jetty.servlet.ServletHandler$CachedChain.doFilter(Ljavax/servlet/ServletRequest;Ljavax/servlet/ServletResponse;)V+100
j  org.springframework.boot.actuate.autoconfigure.EndpointWebMvcAutoConfiguration$ApplicationContextFilterConfiguration$1.doFilterInternal(Ljavax/servlet/http/HttpServletRequest;Ljavax/servlet/http/HttpServletResponse;Ljavax/servlet/FilterChain;)V+15
j  org.springframework.web.filter.OncePerRequestFilter.doFilter(Ljavax/servlet/ServletRequest;Ljavax/servlet/ServletResponse;Ljavax/servlet/FilterChain;)V+111
j  org.eclipse.jetty.servlet.ServletHandler$CachedChain.doFilter(Ljavax/servlet/ServletRequest;Ljavax/servlet/ServletResponse;)V+100
j  org.springframework.web.filter.HiddenHttpMethodFilter.doFilterInternal(Ljavax/servlet/http/HttpServletRequest;Ljavax/servlet/http/HttpServletResponse;Ljavax/servlet/FilterChain;)V+71
j  org.springframework.web.filter.OncePerRequestFilter.doFilter(Ljavax/servlet/ServletRequest;Ljavax/servlet/ServletResponse;Ljavax/servlet/FilterChain;)V+111
j  org.eclipse.jetty.servlet.ServletHandler$CachedChain.doFilter(Ljavax/servlet/ServletRequest;Ljavax/servlet/ServletResponse;)V+100
j  org.springframework.security.web.FilterChainProxy$VirtualFilterChain.doFilter(Ljavax/servlet/ServletRequest;Ljavax/servlet/ServletResponse;)V+68
j  org.springframework.security.web.access.intercept.FilterSecurityInterceptor.invoke(Lorg/springframework/security/web/FilterInvocation;)V+87
j  org.springframework.security.web.access.intercept.FilterSecurityInterceptor.doFilter(Ljavax/servlet/ServletRequest;Ljavax/servlet/ServletResponse;Ljavax/servlet/FilterChain;)V+15
j  org.springframework.security.web.FilterChainProxy$VirtualFilterChain.doFilter(Ljavax/servlet/ServletRequest;Ljavax/servlet/ServletResponse;)V+192
j  org.springframework.security.web.access.ExceptionTranslationFilter.doFilter(Ljavax/servlet/ServletRequest;Ljavax/servlet/ServletResponse;Ljavax/servlet/FilterChain;)V+17
j  org.springframework.security.web.FilterChainProxy$VirtualFilterChain.doFilter(Ljavax/servlet/ServletRequest;Ljavax/servlet/ServletResponse;)V+192
j  org.springframework.security.web.session.SessionManagementFilter.doFilter(Ljavax/servlet/ServletRequest;Ljavax/servlet/ServletResponse;Ljavax/servlet/FilterChain;)V+258
j  org.springframework.security.web.FilterChainProxy$VirtualFilterChain.doFilter(Ljavax/servlet/ServletRequest;Ljavax/servlet/ServletResponse;)V+192
j  org.springframework.security.web.authentication.AnonymousAuthenticationFilter.doFilter(Ljavax/servlet/ServletRequest;Ljavax/servlet/ServletResponse;Ljavax/servlet/FilterChain;)V+148
j  org.springframework.security.web.FilterChainProxy$VirtualFilterChain.doFilter(Ljavax/servlet/ServletRequest;Ljavax/servlet/ServletResponse;)V+192
j  org.springframework.security.web.authentication.rememberme.RememberMeAuthenticationFilter.doFilter(Ljavax/servlet/ServletRequest;Ljavax/servlet/ServletResponse;Ljavax/servlet/FilterChain;)V+332
j  org.springframework.security.web.FilterChainProxy$VirtualFilterChain.doFilter(Ljavax/servlet/ServletRequest;Ljavax/servlet/ServletResponse;)V+192
j  org.springframework.security.web.servletapi.SecurityContextHolderAwareRequestFilter.doFilter(Ljavax/servlet/ServletRequest;Ljavax/servlet/ServletResponse;Ljavax/servlet/FilterChain;)V+19
j  org.springframework.security.web.FilterChainProxy$VirtualFilterChain.doFilter(Ljavax/servlet/ServletRequest;Ljavax/servlet/ServletResponse;)V+192
j  org.springframework.security.web.savedrequest.RequestCacheAwareFilter.doFilter(Ljavax/servlet/ServletRequest;Ljavax/servlet/ServletResponse;Ljavax/servlet/FilterChain;)V+32
j  org.springframework.security.web.FilterChainProxy$VirtualFilterChain.doFilter(Ljavax/servlet/ServletRequest;Ljavax/servlet/ServletResponse;)V+192
j  org.springframework.security.web.authentication.AbstractAuthenticationProcessingFilter.doFilter(Ljavax/servlet/ServletRequest;Ljavax/servlet/ServletResponse;Ljavax/servlet/FilterChain;)V+28
j  org.springframework.security.web.FilterChainProxy$VirtualFilterChain.doFilter(Ljavax/servlet/ServletRequest;Ljavax/servlet/ServletResponse;)V+192
j  org.springframework.security.web.authentication.logout.LogoutFilter.doFilter(Ljavax/servlet/ServletRequest;Ljavax/servlet/ServletResponse;Ljavax/servlet/FilterChain;)V+149
j  org.springframework.security.web.FilterChainProxy$VirtualFilterChain.doFilter(Ljavax/servlet/ServletRequest;Ljavax/servlet/ServletResponse;)V+192
j  org.springframework.security.web.context.SecurityContextPersistenceFilter.doFilter(Ljavax/servlet/ServletRequest;Ljavax/servlet/ServletResponse;Ljavax/servlet/FilterChain;)V+165
j  org.springframework.security.web.FilterChainProxy$VirtualFilterChain.doFilter(Ljavax/servlet/ServletRequest;Ljavax/servlet/ServletResponse;)V+192
j  org.springframework.security.web.context.request.async.WebAsyncManagerIntegrationFilter.doFilterInternal(Ljavax/servlet/http/HttpServletRequest;Ljavax/servlet/http/HttpServletResponse;Ljavax/servlet/FilterChain;)V+42
j  org.springframework.web.filter.OncePerRequestFilter.doFilter(Ljavax/servlet/ServletRequest;Ljavax/servlet/ServletResponse;Ljavax/servlet/FilterChain;)V+111
j  org.springframework.security.web.FilterChainProxy$VirtualFilterChain.doFilter(Ljavax/servlet/ServletRequest;Ljavax/servlet/ServletResponse;)V+192
j  org.springframework.security.web.FilterChainProxy.doFilterInternal(Ljavax/servlet/ServletRequest;Ljavax/servlet/ServletResponse;Ljavax/servlet/FilterChain;)V+142
j  org.springframework.security.web.FilterChainProxy.doFilter(Ljavax/servlet/ServletRequest;Ljavax/servlet/ServletResponse;Ljavax/servlet/FilterChain;)V+40
j  org.eclipse.jetty.servlet.ServletHandler$CachedChain.doFilter(Ljavax/servlet/ServletRequest;Ljavax/servlet/ServletResponse;)V+100
j  org.eclipse.jetty.servlet.ServletHandler.doHandle(Ljava/lang/String;Lorg/eclipse/jetty/server/Request;Ljavax/servlet/http/HttpServletRequest;Ljavax/servlet/http/HttpServletResponse;)V+199
j  org.eclipse.jetty.server.handler.ScopedHandler.handle(Ljava/lang/String;Lorg/eclipse/jetty/server/Request;Ljavax/servlet/http/HttpServletRequest;Ljavax/servlet/http/HttpServletResponse;)V+25
j  org.eclipse.jetty.security.SecurityHandler.handle(Ljava/lang/String;Lorg/eclipse/jetty/server/Request;Ljavax/servlet/http/HttpServletRequest;Ljavax/servlet/http/HttpServletResponse;)V+542
j  org.eclipse.jetty.server.session.SessionHandler.doHandle(Ljava/lang/String;Lorg/eclipse/jetty/server/Request;Ljavax/servlet/http/HttpServletRequest;Ljavax/servlet/http/HttpServletResponse;)V+68
j  org.eclipse.jetty.server.handler.ContextHandler.doHandle(Ljava/lang/String;Lorg/eclipse/jetty/server/Request;Ljavax/servlet/http/HttpServletRequest;Ljavax/servlet/http/HttpServletResponse;)V+206
j  org.eclipse.jetty.servlet.ServletHandler.doScope(Ljava/lang/String;Lorg/eclipse/jetty/server/Request;Ljavax/servlet/http/HttpServletRequest;Ljavax/servlet/http/HttpServletResponse;)V+281
j  org.eclipse.jetty.server.session.SessionHandler.doScope(Ljava/lang/String;Lorg/eclipse/jetty/server/Request;Ljavax/servlet/http/HttpServletRequest;Ljavax/servlet/http/HttpServletResponse;)V+233
j  org.eclipse.jetty.server.handler.ContextHandler.doScope(Ljava/lang/String;Lorg/eclipse/jetty/server/Request;Ljavax/servlet/http/HttpServletRequest;Ljavax/servlet/http/HttpServletResponse;)V+440
j  org.eclipse.jetty.server.handler.ScopedHandler.handle(Ljava/lang/String;Lorg/eclipse/jetty/server/Request;Ljavax/servlet/http/HttpServletRequest;Ljavax/servlet/http/HttpServletResponse;)V+13
j  org.eclipse.jetty.server.handler.HandlerWrapper.handle(Ljava/lang/String;Lorg/eclipse/jetty/server/Request;Ljavax/servlet/http/HttpServletRequest;Ljavax/servlet/http/HttpServletResponse;)V+23
j  org.eclipse.jetty.server.Server.handle(Lorg/eclipse/jetty/server/AbstractHttpConnection;)V+78
j  org.eclipse.jetty.server.AbstractHttpConnection.handleRequest()V+334
j  org.eclipse.jetty.server.AbstractHttpConnection.content(Lorg/eclipse/jetty/io/Buffer;)V+13
j  org.eclipse.jetty.server.AbstractHttpConnection$RequestHandler.content(Lorg/eclipse/jetty/io/Buffer;)V+5
J  org.eclipse.jetty.http.HttpParser.parseNext()I
j  org.eclipse.jetty.http.HttpParser.parseAvailable()Z+51
j  org.eclipse.jetty.server.AsyncHttpConnection.handle()Lorg/eclipse/jetty/io/Connection;+80
j  org.eclipse.jetty.io.nio.SelectChannelEndPoint.handle()V+10
j  org.eclipse.jetty.io.nio.SelectChannelEndPoint$1.run()V+4
j  org.eclipse.jetty.util.thread.QueuedThreadPool.runJob(Ljava/lang/Runnable;)V+1
j  org.eclipse.jetty.util.thread.QueuedThreadPool$3.run()V+47
j  java.lang.Thread.run()V+11
v  ~StubRoutines::call_stub

---------------  P R O C E S S  ---------------

Java Threads: ( => current thread )
  0x00007fda17366800 JavaThread "qtp2030823549-76" [_thread_blocked, id=30723, stack(0x000000012378f000,0x000000012388f000)]
  0x00007fda16b2f000 JavaThread "qtp2030823549-75" [_thread_blocked, id=30471, stack(0x0000000121f52000,0x0000000122052000)]
  0x00007fda1888d000 JavaThread "qtp2030823549-74" [_thread_blocked, id=16903, stack(0x000000012368c000,0x000000012378c000)]
=>0x00007fda16860000 JavaThread "qtp2030823549-73 - /app/rest/datasources" [_thread_in_vm, id=29703, stack(0x0000000123589000,0x0000000123689000)]
  0x00007fda1339e000 JavaThread "DestroyJavaVM" [_thread_blocked, id=5891, stack(0x0000000108caa000,0x0000000108daa000)]
  0x00007fda161cc000 JavaThread "fusekiProxyServlet-66 Selector0" [_thread_in_native, id=29187, stack(0x0000000123486000,0x0000000123586000)]
  0x00007fda18813000 JavaThread "fusekiProxyServlet-65" [_thread_blocked, id=28931, stack(0x0000000123383000,0x0000000123483000)]
  0x00007fda151b1800 JavaThread "fusekiProxyServlet-64" [_thread_blocked, id=28675, stack(0x0000000123280000,0x0000000123380000)]
  0x00007fda1585c800 JavaThread "fusekiProxyServlet-63" [_thread_blocked, id=28419, stack(0x000000012317d000,0x000000012327d000)]
  0x00007fda15939800 JavaThread "fusekiProxyServlet-62" [_thread_blocked, id=28163, stack(0x000000012307a000,0x000000012317a000)]
  0x00007fda18818000 JavaThread "fusekiProxyServlet-61" [_thread_blocked, id=27907, stack(0x0000000122f77000,0x0000000123077000)]
  0x00007fda133ab800 JavaThread "fusekiProxyServlet-60" [_thread_blocked, id=27651, stack(0x0000000122e74000,0x0000000122f74000)]
  0x00007fda133a4800 JavaThread "fusekiProxyServlet-59" [_thread_blocked, id=27395, stack(0x0000000122d71000,0x0000000122e71000)]
  0x00007fda16f95000 JavaThread "pool-7-thread-1" [_thread_blocked, id=27139, stack(0x0000000122c6e000,0x0000000122d6e000)]
  0x00007fda16ff3800 JavaThread "cron4j::scheduler[079cf9572c9bdd5376c3358b0000014914ab7b3075ffffc8]::timer[079cf9572c9bdd5376c3358b0000014914ab7d7e5f59ec21]" [_thread_blocked, id=26883, stack(0x0000000122a58000,0x0000000122b58000)]
  0x00007fda16d79000 JavaThread "NioSocketAcceptor-1" [_thread_in_native, id=26627, stack(0x0000000122955000,0x0000000122a55000)]
  0x00007fda144a9000 JavaThread "Thread-31" daemon [_thread_blocked, id=26371, stack(0x0000000122b6b000,0x0000000122c6b000)]
  0x00007fda151b8000 JavaThread "Thread-30" daemon [_thread_blocked, id=26115, stack(0x0000000120ef9000,0x0000000120ff9000)]
  0x00007fda16e8a800 JavaThread "Thread-28" daemon [_thread_blocked, id=25859, stack(0x0000000120d1c000,0x0000000120e1c000)]
  0x00007fda16bb0800 JavaThread "qtp385266599-49" [_thread_blocked, id=25347, stack(0x000000012276a000,0x000000012286a000)]
  0x00007fda16baf800 JavaThread "qtp385266599-48" [_thread_blocked, id=25091, stack(0x0000000122667000,0x0000000122767000)]
  0x00007fda15125000 JavaThread "qtp385266599-47" [_thread_blocked, id=24835, stack(0x0000000122564000,0x0000000122664000)]
  0x00007fda1591d000 JavaThread "qtp385266599-46" [_thread_blocked, id=24579, stack(0x0000000122461000,0x0000000122561000)]
  0x00007fda18208800 JavaThread "qtp385266599-45" [_thread_blocked, id=24323, stack(0x0000000121bae000,0x0000000121cae000)]
  0x00007fda16b74800 JavaThread "qtp385266599-44" [_thread_blocked, id=24067, stack(0x0000000121aab000,0x0000000121bab000)]
  0x00007fda16b70800 JavaThread "qtp385266599-43" [_thread_blocked, id=23811, stack(0x00000001219a8000,0x0000000121aa8000)]
  0x00007fda17721800 JavaThread "qtp385266599-42 Acceptor0 BlockingChannelConnector@0.0.0.0:8899" [_thread_in_native, id=23555, stack(0x0000000121407000,0x0000000121507000)]
  0x00007fda177ca000 JavaThread "HashSessionScavenger-1" daemon [_thread_blocked, id=23299, stack(0x0000000121304000,0x0000000121404000)]
  0x00007fda168c2000 JavaThread "pool-1-thread-1" [_thread_blocked, id=22787, stack(0x0000000121038000,0x0000000121138000)]
  0x00007fda18884000 JavaThread "Timer-0" daemon [_thread_blocked, id=22531, stack(0x00000001218a5000,0x00000001219a5000)]
  0x00007fda13d67000 JavaThread "schedulerFactory_QuartzSchedulerThread" [_thread_blocked, id=22275, stack(0x00000001217a2000,0x00000001218a2000)]
  0x00007fda1707f000 JavaThread "schedulerFactory_Worker-1" [_thread_blocked, id=22019, stack(0x000000012169f000,0x000000012179f000)]
  0x00007fda18803000 JavaThread "qtp2030823549-34 Acceptor1 SelectChannelConnector@0.0.0.0:8888" [_thread_in_native, id=21763, stack(0x000000012235e000,0x000000012245e000)]
  0x00007fda176ec800 JavaThread "qtp2030823549-33 Acceptor0 SelectChannelConnector@0.0.0.0:8888" [_thread_blocked, id=21507, stack(0x000000012225b000,0x000000012235b000)]
  0x00007fda12c12800 JavaThread "qtp2030823549-32 Selector1" [_thread_in_native, id=21251, stack(0x0000000122158000,0x0000000122258000)]
  0x00007fda12ff4000 JavaThread "qtp2030823549-31 Selector0" [_thread_in_native, id=20995, stack(0x0000000122055000,0x0000000122155000)]
  0x00007fda18801800 JavaThread "qtp2030823549-29" [_thread_blocked, id=20483, stack(0x0000000121e4f000,0x0000000121f4f000)]
  0x00007fda18194800 JavaThread "qtp2030823549-28" [_thread_blocked, id=20227, stack(0x0000000121d4c000,0x0000000121e4c000)]
  0x00007fda1820f000 JavaThread "qtp2030823549-27" [_thread_blocked, id=19971, stack(0x000000012159c000,0x000000012169c000)]
  0x00007fda17206800 JavaThread "HashSessionScavenger-0" daemon [_thread_blocked, id=19715, stack(0x0000000121201000,0x0000000121301000)]
  0x00007fda1713a000 JavaThread "CM1" daemon [_thread_blocked, id=19203, stack(0x0000000120ab5000,0x0000000120bb5000)]
  0x00007fda12bd6800 JavaThread "Attach Listener" daemon [_thread_blocked, id=18947, stack(0x00000001205c9000,0x00000001206c9000)]
  0x00007fda17125000 JavaThread "Hikari Housekeeping Timer" daemon [_thread_blocked, id=9991, stack(0x00000001209b2000,0x0000000120ab2000)]
  0x00007fda1713f800 JavaThread "Abandoned connection cleanup thread" daemon [_thread_blocked, id=12299, stack(0x00000001208af000,0x00000001209af000)]
  0x00007fda13080800 JavaThread "FileSystemWatcher: files=#88 cl=sun.misc.Launcher$AppClassLoader@5e4f12c2" daemon [_thread_blocked, id=18435, stack(0x000000012007e000,0x000000012017e000)]
  0x00007fda1309c000 JavaThread "RMI TCP Accept-0" daemon [_thread_in_native, id=17923, stack(0x000000011fe6e000,0x000000011ff6e000)]
  0x00007fda1308a000 JavaThread "RMI TCP Accept-38821" daemon [_thread_in_native, id=17667, stack(0x000000011fd6b000,0x000000011fe6b000)]
  0x00007fda1303c000 JavaThread "RMI TCP Accept-0" daemon [_thread_in_native, id=17415, stack(0x000000011fc68000,0x000000011fd68000)]
  0x00007fda1300a000 JavaThread "Service Thread" daemon [_thread_blocked, id=16131, stack(0x000000011f58b000,0x000000011f68b000)]
  0x00007fda13a8a800 JavaThread "C2 CompilerThread1" daemon [_thread_blocked, id=15875, stack(0x000000011f488000,0x000000011f588000)]
  0x00007fda13a7a000 JavaThread "C2 CompilerThread0" daemon [_thread_blocked, id=15619, stack(0x000000011f385000,0x000000011f485000)]
  0x00007fda12872800 JavaThread "JDWP Command Reader" daemon [_thread_blocked, id=15363, stack(0x000000011ef8e000,0x000000011f08e000)]
  0x00007fda15801000 JavaThread "JDWP Event Helper Thread" daemon [_thread_blocked, id=15107, stack(0x000000011ee8b000,0x000000011ef8b000)]
  0x00007fda15800000 JavaThread "JDWP Transport Listener: dt_socket" daemon [_thread_blocked, id=14851, stack(0x000000011ed88000,0x000000011ee88000)]
  0x00007fda1400f000 JavaThread "Signal Dispatcher" daemon [_thread_blocked, id=14595, stack(0x000000011ec7f000,0x000000011ed7f000)]
  0x00007fda12872000 JavaThread "Finalizer" daemon [_thread_blocked, id=9731, stack(0x000000011ea2f000,0x000000011eb2f000)]
  0x00007fda14002000 JavaThread "Reference Handler" daemon [_thread_blocked, id=9475, stack(0x000000011e92c000,0x000000011ea2c000)]

Other Threads:
  0x00007fda12871800 VMThread [stack: 0x000000011e829000,0x000000011e929000] [id=9219]
  0x00007fda13036800 WatcherThread [stack: 0x000000011ff71000,0x0000000120071000] [id=18179]

VM state:synchronizing (normal execution)

VM Mutex/Monitor currently owned by a thread:  ([mutex/lock_event])
[0x00007fda12411a40] Threads_lock - owner thread: 0x00007fda12871800

Heap
 def new generation   total 44096K, used 695K [0x000000010bec0000, 0x000000010ee90000, 0x000000010f610000)
  eden space 39232K,   1% used [0x000000010bec0000, 0x000000010bf6df98, 0x000000010e510000)
  from space 4864K,   0% used [0x000000010e510000, 0x000000010e510000, 0x000000010e9d0000)
  to   space 4864K,   0% used [0x000000010e9d0000, 0x000000010e9d0000, 0x000000010ee90000)
 tenured generation   total 97472K, used 50815K [0x000000010f610000, 0x0000000115540000, 0x00000001164c0000)
   the space 97472K,  52% used [0x000000010f610000, 0x00000001127aff18, 0x00000001127b0000, 0x0000000115540000)
 compacting perm gen  total 85696K, used 85637K [0x00000001164c0000, 0x000000011b870000, 0x000000011e4c0000)
   the space 85696K,  99% used [0x00000001164c0000, 0x000000011b861590, 0x000000011b861600, 0x000000011b870000)
No shared spaces configured.

Card table byte_map: [0x000000011e4c0000,0x000000011e554000] byte_map_base: 0x000000011dc60a00

Polling page: 0x000000010719e000

Code Cache  [0x0000000108def000, 0x000000010963f000, 0x000000010bdef000)
 total_blobs=2572 nmethods=2023 adapters=507 free_code_cache=40775Kb largest_free_block=41652736

Compilation events (10 events):
Event: 379.680 Thread 0x00007fda13a8a800 2215             org.springframework.asm.MethodWriter::visitInsn (106 bytes)
Event: 379.687 Thread 0x00007fda13a8a800 nmethod 2215 0x00000001094a38d0 code [0x00000001094a3a80, 0x00000001094a41d8]
Event: 382.771 Thread 0x00007fda13a7a000 2216             java.util.concurrent.locks.AbstractQueuedSynchronizer::<init> (5 bytes)
Event: 382.771 Thread 0x00007fda13a7a000 nmethod 2216 0x00000001095baad0 code [0x00000001095bac00, 0x00000001095bac58]
Event: 384.965 Thread 0x00007fda13a8a800 2217             sun.nio.cs.UTF_8$Encoder::encodeArrayLoop (489 bytes)
Event: 384.978 Thread 0x00007fda13a8a800 nmethod 2217 0x00000001094a4850 code [0x00000001094a4ac0, 0x00000001094a57e8]
Event: 385.063 Thread 0x00007fda13a7a000 2218             org.h2.value.ValueString::<init> (10 bytes)
Event: 385.064 Thread 0x00007fda13a7a000 nmethod 2218 0x000000010906fbd0 code [0x000000010906fd00, 0x000000010906fd78]
Event: 385.065 Thread 0x00007fda13a8a800 2219             org.h2.util.StringUtils::cache (74 bytes)
Event: 385.068 Thread 0x00007fda13a8a800 nmethod 2219 0x00000001094a16d0 code [0x00000001094a1840, 0x00000001094a1bf8]

GC Heap History (10 events):
Event: 346.823 GC heap before
{Heap before GC invocations=317 (full 23):
 def new generation   total 44032K, used 40283K [0x000000010bec0000, 0x000000010ee80000, 0x000000010f610000)
  eden space 39168K, 100% used [0x000000010bec0000, 0x000000010e500000, 0x000000010e500000)
  from space 4864K,  22% used [0x000000010e500000, 0x000000010e616c90, 0x000000010e9c0000)
  to   space 4864K,   0% used [0x000000010e9c0000, 0x000000010e9c0000, 0x000000010ee80000)
 tenured generation   total 97472K, used 58482K [0x000000010f610000, 0x0000000115540000, 0x00000001164c0000)
   the space 97472K,  59% used [0x000000010f610000, 0x0000000112f2cad0, 0x0000000112f2cc00, 0x0000000115540000)
 compacting perm gen  total 84608K, used 84596K [0x00000001164c0000, 0x000000011b760000, 0x000000011e4c0000)
   the space 84608K,  99% used [0x00000001164c0000, 0x000000011b75d298, 0x000000011b75d400, 0x000000011b760000)
No shared spaces configured.
Event: 346.833 GC heap after
Heap after GC invocations=318 (full 23):
 def new generation   total 44032K, used 2695K [0x000000010bec0000, 0x000000010ee80000, 0x000000010f610000)
  eden space 39168K,   0% used [0x000000010bec0000, 0x000000010bec0000, 0x000000010e500000)
  from space 4864K,  55% used [0x000000010e9c0000, 0x000000010ec61dc8, 0x000000010ee80000)
  to   space 4864K,   0% used [0x000000010e500000, 0x000000010e500000, 0x000000010e9c0000)
 tenured generation   total 97472K, used 58482K [0x000000010f610000, 0x0000000115540000, 0x00000001164c0000)
   the space 97472K,  59% used [0x000000010f610000, 0x0000000112f2cad0, 0x0000000112f2cc00, 0x0000000115540000)
 compacting perm gen  total 84608K, used 84596K [0x00000001164c0000, 0x000000011b760000, 0x000000011e4c0000)
   the space 84608K,  99% used [0x00000001164c0000, 0x000000011b75d298, 0x000000011b75d400, 0x000000011b760000)
No shared spaces configured.
}
Event: 355.599 GC heap before
{Heap before GC invocations=318 (full 23):
 def new generation   total 44032K, used 32639K [0x000000010bec0000, 0x000000010ee80000, 0x000000010f610000)
  eden space 39168K,  76% used [0x000000010bec0000, 0x000000010dbfdf80, 0x000000010e500000)
  from space 4864K,  55% used [0x000000010e9c0000, 0x000000010ec61dc8, 0x000000010ee80000)
  to   space 4864K,   0% used [0x000000010e500000, 0x000000010e500000, 0x000000010e9c0000)
 tenured generation   total 97472K, used 58482K [0x000000010f610000, 0x0000000115540000, 0x00000001164c0000)
   the space 97472K,  59% used [0x000000010f610000, 0x0000000112f2cad0, 0x0000000112f2cc00, 0x0000000115540000)
 compacting perm gen  total 84928K, used 84859K [0x00000001164c0000, 0x000000011b7b0000, 0x000000011e4c0000)
   the space 84928K,  99% used [0x00000001164c0000, 0x000000011b79eeb0, 0x000000011b79f000, 0x000000011b7b0000)
No shared spaces configured.
Event: 355.609 GC heap after
Heap after GC invocations=319 (full 23):
 def new generation   total 44032K, used 1253K [0x000000010bec0000, 0x000000010ee80000, 0x000000010f610000)
  eden space 39168K,   0% used [0x000000010bec0000, 0x000000010bec0000, 0x000000010e500000)
  from space 4864K,  25% used [0x000000010e500000, 0x000000010e6396b0, 0x000000010e9c0000)
  to   space 4864K,   0% used [0x000000010e9c0000, 0x000000010e9c0000, 0x000000010ee80000)
 tenured generation   total 97472K, used 59042K [0x000000010f610000, 0x0000000115540000, 0x00000001164c0000)
   the space 97472K,  60% used [0x000000010f610000, 0x0000000112fb8ba8, 0x0000000112fb8c00, 0x0000000115540000)
 compacting perm gen  total 84928K, used 84859K [0x00000001164c0000, 0x000000011b7b0000, 0x000000011e4c0000)
   the space 84928K,  99% used [0x00000001164c0000, 0x000000011b79eeb0, 0x000000011b79f000, 0x000000011b7b0000)
No shared spaces configured.
}
Event: 355.787 GC heap before
{Heap before GC invocations=319 (full 23):
 def new generation   total 44032K, used 40421K [0x000000010bec0000, 0x000000010ee80000, 0x000000010f610000)
  eden space 39168K, 100% used [0x000000010bec0000, 0x000000010e500000, 0x000000010e500000)
  from space 4864K,  25% used [0x000000010e500000, 0x000000010e6396b0, 0x000000010e9c0000)
  to   space 4864K,   0% used [0x000000010e9c0000, 0x000000010e9c0000, 0x000000010ee80000)
 tenured generation   total 97472K, used 59042K [0x000000010f610000, 0x0000000115540000, 0x00000001164c0000)
   the space 97472K,  60% used [0x000000010f610000, 0x0000000112fb8ba8, 0x0000000112fb8c00, 0x0000000115540000)
 compacting perm gen  total 85248K, used 84957K [0x00000001164c0000, 0x000000011b800000, 0x000000011e4c0000)
   the space 85248K,  99% used [0x00000001164c0000, 0x000000011b7b75d0, 0x000000011b7b7600, 0x000000011b800000)
No shared spaces configured.
Event: 355.797 GC heap after
Heap after GC invocations=320 (full 23):
 def new generation   total 44032K, used 1804K [0x000000010bec0000, 0x000000010ee80000, 0x000000010f610000)
  eden space 39168K,   0% used [0x000000010bec0000, 0x000000010bec0000, 0x000000010e500000)
  from space 4864K,  37% used [0x000000010e9c0000, 0x000000010eb83148, 0x000000010ee80000)
  to   space 4864K,   0% used [0x000000010e500000, 0x000000010e500000, 0x000000010e9c0000)
 tenured generation   total 97472K, used 59042K [0x000000010f610000, 0x0000000115540000, 0x00000001164c0000)
   the space 97472K,  60% used [0x000000010f610000, 0x0000000112fb8ba8, 0x0000000112fb8c00, 0x0000000115540000)
 compacting perm gen  total 85248K, used 84957K [0x00000001164c0000, 0x000000011b800000, 0x000000011e4c0000)
   the space 85248K,  99% used [0x00000001164c0000, 0x000000011b7b75d0, 0x000000011b7b7600, 0x000000011b800000)
No shared spaces configured.
}
Event: 374.454 GC heap before
{Heap before GC invocations=320 (full 23):
 def new generation   total 44032K, used 40972K [0x000000010bec0000, 0x000000010ee80000, 0x000000010f610000)
  eden space 39168K, 100% used [0x000000010bec0000, 0x000000010e500000, 0x000000010e500000)
  from space 4864K,  37% used [0x000000010e9c0000, 0x000000010eb83148, 0x000000010ee80000)
  to   space 4864K,   0% used [0x000000010e500000, 0x000000010e500000, 0x000000010e9c0000)
 tenured generation   total 97472K, used 59042K [0x000000010f610000, 0x0000000115540000, 0x00000001164c0000)
   the space 97472K,  60% used [0x000000010f610000, 0x0000000112fb8ba8, 0x0000000112fb8c00, 0x0000000115540000)
 compacting perm gen  total 85888K, used 85865K [0x00000001164c0000, 0x000000011b8a0000, 0x000000011e4c0000)
   the space 85888K,  99% used [0x00000001164c0000, 0x000000011b89a4b8, 0x000000011b89a600, 0x000000011b8a0000)
No shared spaces configured.
Event: 374.465 GC heap after
Heap after GC invocations=321 (full 23):
 def new generation   total 44032K, used 2831K [0x000000010bec0000, 0x000000010ee80000, 0x000000010f610000)
  eden space 39168K,   0% used [0x000000010bec0000, 0x000000010bec0000, 0x000000010e500000)
  from space 4864K,  58% used [0x000000010e500000, 0x000000010e7c3fc0, 0x000000010e9c0000)
  to   space 4864K,   0% used [0x000000010e9c0000, 0x000000010e9c0000, 0x000000010ee80000)
 tenured generation   total 97472K, used 59042K [0x000000010f610000, 0x0000000115540000, 0x00000001164c0000)
   the space 97472K,  60% used [0x000000010f610000, 0x0000000112fb8ba8, 0x0000000112fb8c00, 0x0000000115540000)
 compacting perm gen  total 85888K, used 85865K [0x00000001164c0000, 0x000000011b8a0000, 0x000000011e4c0000)
   the space 85888K,  99% used [0x00000001164c0000, 0x000000011b89a4b8, 0x000000011b89a600, 0x000000011b8a0000)
No shared spaces configured.
}
Event: 390.579 GC heap before
{Heap before GC invocations=321 (full 23):
 def new generation   total 44032K, used 22027K [0x000000010bec0000, 0x000000010ee80000, 0x000000010f610000)
  eden space 39168K,  49% used [0x000000010bec0000, 0x000000010d17ed48, 0x000000010e500000)
  from space 4864K,  58% used [0x000000010e500000, 0x000000010e7c3fc0, 0x000000010e9c0000)
  to   space 4864K,   0% used [0x000000010e9c0000, 0x000000010e9c0000, 0x000000010ee80000)
 tenured generation   total 97472K, used 59042K [0x000000010f610000, 0x0000000115540000, 0x00000001164c0000)
   the space 97472K,  60% used [0x000000010f610000, 0x0000000112fb8ba8, 0x0000000112fb8c00, 0x0000000115540000)
 compacting perm gen  total 86528K, used 86527K [0x00000001164c0000, 0x000000011b940000, 0x000000011e4c0000)
   the space 86528K,  99% used [0x00000001164c0000, 0x000000011b93ffd0, 0x000000011b940000, 0x000000011b940000)
No shared spaces configured.
Event: 390.889 GC heap after
Heap after GC invocations=322 (full 24):
 def new generation   total 44096K, used 0K [0x000000010bec0000, 0x000000010ee90000, 0x000000010f610000)
  eden space 39232K,   0% used [0x000000010bec0000, 0x000000010bec0000, 0x000000010e510000)
  from space 4864K,   0% used [0x000000010e510000, 0x000000010e510000, 0x000000010e9d0000)
  to   space 4864K,   0% used [0x000000010e9d0000, 0x000000010e9d0000, 0x000000010ee90000)
 tenured generation   total 97472K, used 50815K [0x000000010f610000, 0x0000000115540000, 0x00000001164c0000)
   the space 97472K,  52% used [0x000000010f610000, 0x00000001127aff18, 0x00000001127b0000, 0x0000000115540000)
 compacting perm gen  total 85696K, used 85634K [0x00000001164c0000, 0x000000011b870000, 0x000000011e4c0000)
   the space 85696K,  99% used [0x00000001164c0000, 0x000000011b860a58, 0x000000011b860c00, 0x000000011b870000)
No shared spaces configured.
}

Deoptimization events (10 events):
Event: 390.575 Thread 0x00007fda16860000 Uncommon trap -89 fr.pc 0x000000010916f804
Event: 390.575 Thread 0x00007fda16860000 Uncommon trap -89 fr.pc 0x000000010916f804
Event: 390.576 Thread 0x00007fda16860000 Uncommon trap -89 fr.pc 0x000000010916f804
Event: 390.576 Thread 0x00007fda16860000 Uncommon trap -89 fr.pc 0x000000010916f804
Event: 390.576 Thread 0x00007fda16860000 Uncommon trap -89 fr.pc 0x000000010916f804
Event: 390.577 Thread 0x00007fda16860000 Uncommon trap -89 fr.pc 0x000000010916f804
Event: 390.577 Thread 0x00007fda16860000 Uncommon trap -89 fr.pc 0x000000010916f804
Event: 390.577 Thread 0x00007fda16860000 Uncommon trap -89 fr.pc 0x000000010916f804
Event: 390.578 Thread 0x00007fda16860000 Uncommon trap -89 fr.pc 0x000000010916f804
Event: 390.579 Thread 0x00007fda16860000 Uncommon trap -89 fr.pc 0x000000010916f804

Internal exceptions (10 events):
Event: 390.575 Thread 0x00007fda16860000 Threw 0x000000010d0c34d0 at /HUDSON/workspace/jdk7u21-2-build-macosx-amd64-product/jdk7u21/hotspot/src/share/vm/prims/jvm.cpp:1166
Event: 390.575 Thread 0x00007fda16860000 Threw 0x000000010d0d58a8 at /HUDSON/workspace/jdk7u21-2-build-macosx-amd64-product/jdk7u21/hotspot/src/share/vm/prims/jvm.cpp:1166
Event: 390.576 Thread 0x00007fda16860000 Threw 0x000000010d0e0380 at /HUDSON/workspace/jdk7u21-2-build-macosx-amd64-product/jdk7u21/hotspot/src/share/vm/prims/jvm.cpp:1166
Event: 390.576 Thread 0x00007fda16860000 Threw 0x000000010d0f2538 at /HUDSON/workspace/jdk7u21-2-build-macosx-amd64-product/jdk7u21/hotspot/src/share/vm/prims/jvm.cpp:1166
Event: 390.576 Thread 0x00007fda16860000 Threw 0x000000010d0fdba0 at /HUDSON/workspace/jdk7u21-2-build-macosx-amd64-product/jdk7u21/hotspot/src/share/vm/prims/jvm.cpp:1166
Event: 390.577 Thread 0x00007fda16860000 Threw 0x000000010d104d20 at /HUDSON/workspace/jdk7u21-2-build-macosx-amd64-product/jdk7u21/hotspot/src/share/vm/prims/jvm.cpp:1166
Event: 390.577 Thread 0x00007fda16860000 Threw 0x000000010d11be90 at /HUDSON/workspace/jdk7u21-2-build-macosx-amd64-product/jdk7u21/hotspot/src/share/vm/prims/jvm.cpp:1166
Event: 390.577 Thread 0x00007fda16860000 Threw 0x000000010d12f920 at /HUDSON/workspace/jdk7u21-2-build-macosx-amd64-product/jdk7u21/hotspot/src/share/vm/prims/jvm.cpp:1166
Event: 390.578 Thread 0x00007fda16860000 Threw 0x000000010d156050 at /HUDSON/workspace/jdk7u21-2-build-macosx-amd64-product/jdk7u21/hotspot/src/share/vm/prims/jvm.cpp:1166
Event: 390.579 Thread 0x00007fda16860000 Threw 0x000000010d169530 at /HUDSON/workspace/jdk7u21-2-build-macosx-amd64-product/jdk7u21/hotspot/src/share/vm/prims/jvm.cpp:1166

Events (10 events):
Event: 390.579 loading class 0x00007fda1903d370
Event: 390.579 loading class 0x00007fda1903d370 done
Event: 390.579 Thread 0x00007fda16860000 DEOPT PACKING pc=0x000000010916f804 sp=0x0000000123684e10
Event: 390.579 Thread 0x00007fda16860000 DEOPT UNPACKING pc=0x0000000108e28145 sp=0x0000000123684de8 mode 2
Event: 390.579 Thread 0x00007fda16860000 DEOPT PACKING pc=0x0000000108f676a0 sp=0x0000000123685500
Event: 390.579 Thread 0x00007fda16860000 DEOPT UNPACKING pc=0x0000000108e27f0f sp=0x0000000123685238 mode 1
Event: 390.579 Thread 0x00007fda16860000 DEOPT PACKING pc=0x000000010923fab4 sp=0x0000000123685540
Event: 390.579 Thread 0x00007fda16860000 DEOPT UNPACKING pc=0x0000000108e27f0f sp=0x0000000123685210 mode 1
Event: 390.579 Executing VM operation: GenCollectForPermanentAllocation
Event: 390.889 Executing VM operation: GenCollectForPermanentAllocation done


Dynamic libraries:
0x000000000af95000 	/System/Library/Frameworks/Cocoa.framework/Versions/A/Cocoa
0x000000000af95000 	/System/Library/Frameworks/Security.framework/Versions/A/Security
0x000000000af95000 	/System/Library/Frameworks/ApplicationServices.framework/Versions/A/ApplicationServices
0x000000000af95000 	/usr/lib/libz.1.dylib
0x000000000af95000 	/usr/lib/libSystem.B.dylib
0x000000000af95000 	/usr/lib/libobjc.A.dylib
0x000000000af95000 	/System/Library/Frameworks/CoreFoundation.framework/Versions/A/CoreFoundation
0x000000000af95000 	/System/Library/Frameworks/AppKit.framework/Versions/C/AppKit
0x000000000af95000 	/System/Library/Frameworks/CoreData.framework/Versions/A/CoreData
0x000000000af95000 	/System/Library/Frameworks/Foundation.framework/Versions/C/Foundation
0x000000000af95000 	/System/Library/PrivateFrameworks/RemoteViewServices.framework/Versions/A/RemoteViewServices
0x000000000af95000 	/System/Library/Frameworks/AudioToolbox.framework/Versions/A/AudioToolbox
0x000000000af95000 	/System/Library/Frameworks/AudioUnit.framework/Versions/A/AudioUnit
0x000000000af95000 	/System/Library/PrivateFrameworks/DataDetectorsCore.framework/Versions/A/DataDetectorsCore
0x000000000af95000 	/System/Library/PrivateFrameworks/DesktopServicesPriv.framework/Versions/A/DesktopServicesPriv
0x000000000af95000 	/System/Library/Frameworks/Carbon.framework/Versions/A/Frameworks/HIToolbox.framework/Versions/A/HIToolbox
0x000000000af95000 	/System/Library/Frameworks/QuartzCore.framework/Versions/A/QuartzCore
0x000000000af95000 	/System/Library/Frameworks/Carbon.framework/Versions/A/Frameworks/SpeechRecognition.framework/Versions/A/SpeechRecognition
0x000000000af95000 	/usr/lib/libauto.dylib
0x000000000af95000 	/usr/lib/libicucore.A.dylib
0x000000000af95000 	/usr/lib/libxml2.2.dylib
0x000000000af95000 	/System/Library/PrivateFrameworks/CoreUI.framework/Versions/A/CoreUI
0x000000000af95000 	/System/Library/Frameworks/CoreAudio.framework/Versions/A/CoreAudio
0x000000000af95000 	/System/Library/Frameworks/DiskArbitration.framework/Versions/A/DiskArbitration
0x000000000af95000 	/usr/lib/liblangid.dylib
0x000000000af95000 	/System/Library/PrivateFrameworks/MultitouchSupport.framework/Versions/A/MultitouchSupport
0x000000000af95000 	/System/Library/Frameworks/IOKit.framework/Versions/A/IOKit
0x000000000af95000 	/usr/lib/libDiagnosticMessagesClient.dylib
0x000000000af95000 	/System/Library/Frameworks/CoreServices.framework/Versions/A/CoreServices
0x000000000af95000 	/System/Library/PrivateFrameworks/PerformanceAnalysis.framework/Versions/A/PerformanceAnalysis
0x000000000af95000 	/System/Library/PrivateFrameworks/GenerationalStorage.framework/Versions/A/GenerationalStorage
0x000000000af95000 	/System/Library/Frameworks/OpenGL.framework/Versions/A/OpenGL
0x000000000af95000 	/System/Library/PrivateFrameworks/Sharing.framework/Versions/A/Sharing
0x000000000af95000 	/System/Library/Frameworks/ImageIO.framework/Versions/A/ImageIO
0x000000000af95000 	/System/Library/Frameworks/CoreText.framework/Versions/A/CoreText
0x000000000af95000 	/System/Library/Frameworks/CoreGraphics.framework/Versions/A/CoreGraphics
0x000000000af95000 	/System/Library/PrivateFrameworks/Backup.framework/Versions/A/Backup
0x000000000af95000 	/System/Library/Frameworks/CFNetwork.framework/Versions/A/CFNetwork
0x000000000af95000 	/System/Library/Frameworks/SystemConfiguration.framework/Versions/A/SystemConfiguration
0x000000000af95000 	/usr/lib/libCRFSuite.dylib
0x000000000af95000 	/usr/lib/libc++.1.dylib
0x000000000af95000 	/usr/lib/libc++abi.dylib
0x000000000af95000 	/usr/lib/system/libcache.dylib
0x000000000af95000 	/usr/lib/system/libcommonCrypto.dylib
0x000000000af95000 	/usr/lib/system/libcompiler_rt.dylib
0x000000000af95000 	/usr/lib/system/libcopyfile.dylib
0x000000000af95000 	/usr/lib/system/libcorecrypto.dylib
0x000000000af95000 	/usr/lib/system/libdispatch.dylib
0x000000000af95000 	/usr/lib/system/libdyld.dylib
0x000000000af95000 	/usr/lib/system/libkeymgr.dylib
0x000000000af95000 	/usr/lib/system/liblaunch.dylib
0x000000000af95000 	/usr/lib/system/libmacho.dylib
0x000000000af95000 	/usr/lib/system/libquarantine.dylib
0x000000000af95000 	/usr/lib/system/libremovefile.dylib
0x000000000af95000 	/usr/lib/system/libsystem_asl.dylib
0x000000000af95000 	/usr/lib/system/libsystem_blocks.dylib
0x000000000af95000 	/usr/lib/system/libsystem_c.dylib
0x000000000af95000 	/usr/lib/system/libsystem_configuration.dylib
0x000000000af95000 	/usr/lib/system/libsystem_dnssd.dylib
0x000000000af95000 	/usr/lib/system/libsystem_info.dylib
0x000000000af95000 	/usr/lib/system/libsystem_kernel.dylib
0x000000000af95000 	/usr/lib/system/libsystem_m.dylib
0x000000000af95000 	/usr/lib/system/libsystem_malloc.dylib
0x000000000af95000 	/usr/lib/system/libsystem_network.dylib
0x000000000af95000 	/usr/lib/system/libsystem_notify.dylib
0x000000000af95000 	/usr/lib/system/libsystem_platform.dylib
0x000000000af95000 	/usr/lib/system/libsystem_pthread.dylib
0x000000000af95000 	/usr/lib/system/libsystem_sandbox.dylib
0x000000000af95000 	/usr/lib/system/libsystem_stats.dylib
0x000000000af95000 	/usr/lib/system/libunc.dylib
0x000000000af95000 	/usr/lib/system/libunwind.dylib
0x000000000af95000 	/usr/lib/system/libxpc.dylib
0x000000000af95000 	/usr/lib/libbsm.0.dylib
0x000000000af95000 	/usr/lib/libsqlite3.dylib
0x000000000af95000 	/usr/lib/libxar.1.dylib
0x000000000af95000 	/usr/lib/libpam.2.dylib
0x000000000af95000 	/usr/lib/libOpenScriptingUtil.dylib
0x000000000af95000 	/usr/lib/libbz2.1.0.dylib
0x000000000af95000 	/System/Library/Frameworks/CoreServices.framework/Versions/A/Frameworks/CarbonCore.framework/Versions/A/CarbonCore
0x000000000af95000 	/System/Library/Frameworks/CoreServices.framework/Versions/A/Frameworks/Metadata.framework/Versions/A/Metadata
0x000000000af95000 	/System/Library/Frameworks/CoreServices.framework/Versions/A/Frameworks/OSServices.framework/Versions/A/OSServices
0x000000000af95000 	/System/Library/Frameworks/CoreServices.framework/Versions/A/Frameworks/SearchKit.framework/Versions/A/SearchKit
0x000000000af95000 	/System/Library/Frameworks/CoreServices.framework/Versions/A/Frameworks/AE.framework/Versions/A/AE
0x000000000af95000 	/System/Library/Frameworks/CoreServices.framework/Versions/A/Frameworks/LaunchServices.framework/Versions/A/LaunchServices
0x000000000af95000 	/System/Library/Frameworks/CoreServices.framework/Versions/A/Frameworks/DictionaryServices.framework/Versions/A/DictionaryServices
0x000000000af95000 	/System/Library/Frameworks/NetFS.framework/Versions/A/NetFS
0x000000000af95000 	/usr/lib/system/libkxld.dylib
0x000000000af95000 	/System/Library/PrivateFrameworks/NetAuth.framework/Versions/A/NetAuth
0x000000000af95000 	/System/Library/PrivateFrameworks/TCC.framework/Versions/A/TCC
0x000000000af95000 	/System/Library/Frameworks/OpenDirectory.framework/Versions/A/Frameworks/CFOpenDirectory.framework/Versions/A/CFOpenDirectory
0x000000000af95000 	/System/Library/Frameworks/ServiceManagement.framework/Versions/A/ServiceManagement
0x000000000af95000 	/usr/lib/libxslt.1.dylib
0x000000000af95000 	/System/Library/Frameworks/Carbon.framework/Versions/A/Frameworks/Ink.framework/Versions/A/Ink
0x000000000af95000 	/System/Library/Frameworks/ApplicationServices.framework/Versions/A/Frameworks/ATS.framework/Versions/A/ATS
0x000000000af95000 	/System/Library/Frameworks/ApplicationServices.framework/Versions/A/Frameworks/ColorSync.framework/Versions/A/ColorSync
0x000000000af95000 	/System/Library/Frameworks/ApplicationServices.framework/Versions/A/Frameworks/HIServices.framework/Versions/A/HIServices
0x000000000af95000 	/System/Library/Frameworks/ApplicationServices.framework/Versions/A/Frameworks/LangAnalysis.framework/Versions/A/LangAnalysis
0x000000000af95000 	/System/Library/Frameworks/ApplicationServices.framework/Versions/A/Frameworks/PrintCore.framework/Versions/A/PrintCore
0x000000000af95000 	/System/Library/Frameworks/ApplicationServices.framework/Versions/A/Frameworks/QD.framework/Versions/A/QD
0x000000000af95000 	/System/Library/Frameworks/ApplicationServices.framework/Versions/A/Frameworks/SpeechSynthesis.framework/Versions/A/SpeechSynthesis
0x000000000af95000 	/System/Library/Frameworks/IOSurface.framework/Versions/A/IOSurface
0x000000000af95000 	/System/Library/Frameworks/Accelerate.framework/Versions/A/Accelerate
0x000000000af95000 	/System/Library/Frameworks/Accelerate.framework/Versions/A/Frameworks/vImage.framework/Versions/A/vImage
0x000000000af95000 	/System/Library/Frameworks/Accelerate.framework/Versions/A/Frameworks/vecLib.framework/Versions/A/vecLib
0x000000000af95000 	/System/Library/Frameworks/Accelerate.framework/Versions/A/Frameworks/vecLib.framework/Versions/A/libvDSP.dylib
0x000000000af95000 	/System/Library/Frameworks/Accelerate.framework/Versions/A/Frameworks/vecLib.framework/Versions/A/libvMisc.dylib
0x000000000af95000 	/System/Library/Frameworks/Accelerate.framework/Versions/A/Frameworks/vecLib.framework/Versions/A/libLAPACK.dylib
0x000000000af95000 	/System/Library/Frameworks/Accelerate.framework/Versions/A/Frameworks/vecLib.framework/Versions/A/libBLAS.dylib
0x000000000af95000 	/System/Library/Frameworks/ApplicationServices.framework/Versions/A/Frameworks/ATS.framework/Versions/A/Resources/libFontParser.dylib
0x000000000af95000 	/System/Library/Frameworks/ApplicationServices.framework/Versions/A/Frameworks/ATS.framework/Versions/A/Resources/libFontRegistry.dylib
0x000000000af95000 	/System/Library/Frameworks/ImageIO.framework/Versions/A/Resources/libJPEG.dylib
0x000000000af95000 	/System/Library/Frameworks/ImageIO.framework/Versions/A/Resources/libTIFF.dylib
0x000000000af95000 	/System/Library/Frameworks/ImageIO.framework/Versions/A/Resources/libPng.dylib
0x000000000af95000 	/System/Library/Frameworks/ImageIO.framework/Versions/A/Resources/libGIF.dylib
0x000000000af95000 	/System/Library/Frameworks/ImageIO.framework/Versions/A/Resources/libJP2.dylib
0x000000000af95000 	/System/Library/Frameworks/ImageIO.framework/Versions/A/Resources/libRadiance.dylib
0x000000000af95000 	/usr/lib/libcups.2.dylib
0x000000000af95000 	/System/Library/Frameworks/Kerberos.framework/Versions/A/Kerberos
0x000000000af95000 	/System/Library/Frameworks/GSS.framework/Versions/A/GSS
0x000000000af95000 	/usr/lib/libresolv.9.dylib
0x000000000af95000 	/usr/lib/libiconv.2.dylib
0x000000000af95000 	/System/Library/PrivateFrameworks/Heimdal.framework/Versions/A/Heimdal
0x000000000af95000 	/System/Library/PrivateFrameworks/TrustEvaluationAgent.framework/Versions/A/TrustEvaluationAgent
0x000000000af95000 	/usr/lib/libheimdal-asn1.dylib
0x000000000af95000 	/System/Library/Frameworks/OpenDirectory.framework/Versions/A/OpenDirectory
0x000000000af95000 	/System/Library/PrivateFrameworks/CommonAuth.framework/Versions/A/CommonAuth
0x000000000af95000 	/System/Library/Frameworks/SecurityFoundation.framework/Versions/A/SecurityFoundation
0x000000000af95000 	/System/Library/PrivateFrameworks/Bom.framework/Versions/A/Bom
0x000000000af95000 	/System/Library/Frameworks/CoreVideo.framework/Versions/A/CoreVideo
0x000000000af95000 	/System/Library/Frameworks/QuartzCore.framework/Versions/A/Frameworks/CoreImage.framework/Versions/A/CoreImage
0x000000000af95000 	/System/Library/Frameworks/QuartzCore.framework/Versions/A/Frameworks/ScalableUserInterface.framework/Versions/A/ScalableUserInterface
0x000000000af95000 	/System/Library/Frameworks/OpenGL.framework/Versions/A/Libraries/libGLU.dylib
0x000000000af95000 	/System/Library/Frameworks/OpenGL.framework/Versions/A/Libraries/libGFXShared.dylib
0x000000000af95000 	/System/Library/Frameworks/OpenGL.framework/Versions/A/Libraries/libGL.dylib
0x000000000af95000 	/System/Library/Frameworks/OpenGL.framework/Versions/A/Libraries/libGLImage.dylib
0x000000000af95000 	/System/Library/Frameworks/OpenGL.framework/Versions/A/Libraries/libCVMSPluginSupport.dylib
0x000000000af95000 	/System/Library/Frameworks/OpenGL.framework/Versions/A/Libraries/libCoreVMClient.dylib
0x000000000af95000 	/System/Library/PrivateFrameworks/FaceCore.framework/Versions/A/FaceCore
0x000000000af95000 	/System/Library/PrivateFrameworks/CrashReporterSupport.framework/Versions/A/CrashReporterSupport
0x000000000af95000 	/System/Library/Frameworks/OpenCL.framework/Versions/A/OpenCL
0x000000000af95000 	/System/Library/PrivateFrameworks/AppleFSCompression.framework/Versions/A/AppleFSCompression
0x000000000af95000 	/System/Library/PrivateFrameworks/Ubiquity.framework/Versions/A/Ubiquity
0x000000000af95000 	/System/Library/PrivateFrameworks/IconServices.framework/Versions/A/IconServices
0x000000000af95000 	/System/Library/PrivateFrameworks/ChunkingLibrary.framework/Versions/A/ChunkingLibrary
0x000000000af95000 	/System/Library/PrivateFrameworks/CoreSymbolication.framework/Versions/A/CoreSymbolication
0x000000000af95000 	/System/Library/PrivateFrameworks/Symbolication.framework/Versions/A/Symbolication
0x000000000af95000 	/System/Library/PrivateFrameworks/DebugSymbols.framework/Versions/A/DebugSymbols
0x0000000108200000 	/Library/Java/JavaVirtualMachines/jdk1.7.0_21.jdk/Contents/Home/jre/lib/server/libjvm.dylib
0x000000000af95000 	/usr/lib/libstdc++.6.dylib
0x0000000107161000 	/Library/Java/JavaVirtualMachines/jdk1.7.0_21.jdk/Contents/Home/jre/lib/libverify.dylib
0x000000010716e000 	/Library/Java/JavaVirtualMachines/jdk1.7.0_21.jdk/Contents/Home/jre/lib/libjava.dylib
0x000000010719f000 	/Library/Java/JavaVirtualMachines/jdk1.7.0_21.jdk/Contents/Home/jre/lib/libjdwp.dylib
0x00000001071dc000 	/Library/Java/JavaVirtualMachines/jdk1.7.0_21.jdk/Contents/Home/jre/lib/./libnpt.dylib
0x00000001071e0000 	/Library/Java/JavaVirtualMachines/jdk1.7.0_21.jdk/Contents/Home/jre/lib/libinstrument.dylib
0x0000000108de6000 	/Library/Java/JavaVirtualMachines/jdk1.7.0_21.jdk/Contents/Home/jre/lib/libzip.dylib
0x000000011eb31000 	/System/Library/Frameworks/JavaVM.framework/Frameworks/JavaRuntimeSupport.framework/JavaRuntimeSupport
0x000000011eb49000 	/System/Library/Frameworks/JavaVM.framework/Versions/A/Frameworks/JavaNativeFoundation.framework/Versions/A/JavaNativeFoundation
0x000000011eb5e000 	/System/Library/Frameworks/JavaVM.framework/Versions/A/JavaVM
0x000000000af95000 	/System/Library/Frameworks/Carbon.framework/Versions/A/Carbon
0x000000011eb6b000 	/System/Library/PrivateFrameworks/JavaLaunching.framework/Versions/A/JavaLaunching
0x000000000af95000 	/System/Library/Frameworks/Carbon.framework/Versions/A/Frameworks/CommonPanels.framework/Versions/A/CommonPanels
0x000000000af95000 	/System/Library/Frameworks/Carbon.framework/Versions/A/Frameworks/Help.framework/Versions/A/Help
0x000000000af95000 	/System/Library/Frameworks/Carbon.framework/Versions/A/Frameworks/ImageCapture.framework/Versions/A/ImageCapture
0x000000000af95000 	/System/Library/Frameworks/Carbon.framework/Versions/A/Frameworks/OpenScripting.framework/Versions/A/OpenScripting
0x000000000af95000 	/System/Library/Frameworks/Carbon.framework/Versions/A/Frameworks/Print.framework/Versions/A/Print
0x000000000af95000 	/System/Library/Frameworks/Carbon.framework/Versions/A/Frameworks/SecurityHI.framework/Versions/A/SecurityHI
0x000000011ed81000 	/Library/Java/JavaVirtualMachines/jdk1.7.0_21.jdk/Contents/Home/jre/lib/libdt_socket.dylib
0x000000011fbee000 	/Library/Java/JavaVirtualMachines/jdk1.7.0_21.jdk/Contents/Home/jre/lib/libmanagement.dylib
0x000000011fbf6000 	/Library/Java/JavaVirtualMachines/jdk1.7.0_21.jdk/Contents/Home/jre/lib/libnet.dylib
0x000000011fc53000 	/Library/Java/JavaVirtualMachines/jdk1.7.0_21.jdk/Contents/Home/jre/lib/libnio.dylib
0x000000011ebbb000 	/Library/Java/JavaVirtualMachines/jdk1.7.0_21.jdk/Contents/Home/jre/lib/libattach.dylib
0x000000011f941000 	/Library/Java/JavaVirtualMachines/jdk1.7.0_21.jdk/Contents/Home/jre/lib/libsunec.dylib

VM Arguments:
jvm_args: -agentlib:jdwp=transport=dt_socket,suspend=y,address=localhost:54549 -Dspring.liveBeansView.mbeanDomain -Dcom.sun.management.jmxremote -Dcom.sun.management.jmxremote.port=38821 -Dcom.sun.management.jmxremote.authenticate=false -Dcom.sun.management.jmxremote.ssl=false -XX:MaxPermSize=128M -javaagent:spring_loaded/springloaded-jhipster.jar -Xverify:none -Dspringloaded=plugins=io.github.jhipster.loaded.instrument.JHipsterLoadtimeInstrumentationPlugin -Dfile.encoding=UTF-8 
java_command: com.genohm.boinq.Application
Launcher Type: SUN_STANDARD

Environment Variables:
PATH=/usr/bin:/bin:/usr/sbin:/sbin
SHELL=/bin/bash
DISPLAY=/tmp/launch-uvXtkA/org.macosforge.xquartz:0

Signal Handlers:
SIGSEGV: [libjvm.dylib+0x4a4e2d], sa_mask[0]=0xfffefeff, sa_flags=0x00000042
SIGBUS: [libjvm.dylib+0x4a4e2d], sa_mask[0]=0xfffefeff, sa_flags=0x00000042
SIGFPE: [libjvm.dylib+0x3b4729], sa_mask[0]=0xfffefeff, sa_flags=0x00000042
SIGPIPE: [libjvm.dylib+0x3b4729], sa_mask[0]=0xfffefeff, sa_flags=0x00000042
SIGXFSZ: [libjvm.dylib+0x3b4729], sa_mask[0]=0xfffefeff, sa_flags=0x00000042
SIGILL: [libjvm.dylib+0x3b4729], sa_mask[0]=0xfffefeff, sa_flags=0x00000042
SIGUSR1: SIG_DFL, sa_mask[0]=0x00000000, sa_flags=0x00000002
SIGUSR2: [libjvm.dylib+0x3b42c2], sa_mask[0]=0x00000004, sa_flags=0x00000042
SIGHUP: [libjvm.dylib+0x3b2523], sa_mask[0]=0xfffefeff, sa_flags=0x00000042
SIGINT: [libjvm.dylib+0x3b2523], sa_mask[0]=0xfffefeff, sa_flags=0x00000042
SIGTERM: [libjvm.dylib+0x3b2523], sa_mask[0]=0xfffefeff, sa_flags=0x00000042
SIGQUIT: [libjvm.dylib+0x3b2523], sa_mask[0]=0xfffefeff, sa_flags=0x00000042


---------------  S Y S T E M  ---------------

OS:Bsduname:Darwin 13.1.0 Darwin Kernel Version 13.1.0: Thu Jan 16 19:40:37 PST 2014; root:xnu-2422.90.20~2/RELEASE_X86_64 x86_64
rlimit: STACK 8192k, CORE 0k, NPROC 709, NOFILE 10240, AS infinity
load average:1.47 1.64 1.64

CPU:total 8 (4 cores per cpu, 2 threads per core) family 6 model 58 stepping 9, cmov, cx8, fxsr, mmx, sse, sse2, sse3, ssse3, sse4.1, sse4.2, popcnt, avx, ht, tsc, tscinvbit, tscinv

Memory: 4k page, physical 678948k(169737k free)

/proc/meminfo:


vm_info: Java HotSpot(TM) 64-Bit Server VM (23.21-b01) for bsd-amd64 JRE (1.7.0_21-b12), built on Apr  7 2013 14:55:50 by "java_re" with gcc 4.2.1 (Based on Apple Inc. build 5658) (LLVM build 2336.11.00)

time: Wed Oct 15 18:43:06 2014
elapsed time: 390 seconds

